[I 2025-09-22 18:56:13,315] Trial 232 finished with value: 99710.7984523241 and parameters: {'n_estimators': 485, 'max_depth': 10, 'learning_rate': 0.06988641629026594, 'subsample': 0.9441003888777676, 'colsample_bytree': 0.8159084770048356, 'reg_alpha': 0.00025730983106321987, 'reg_lambda': 3.403098510327619e-08}. Best is trial 193 with value: 99242.98939471744.
[I 2025-09-22 18:56:16,323] Trial 233 finished with value: 100075.0208193833 and parameters: {'n_estimators': 485, 'max_depth': 10, 'learning_rate': 0.07191519312217066, 'subsample': 0.9472176483917505, 'colsample_bytree': 0.810669783916808, 'reg_alpha': 0.00022213788293622431, 'reg_lambda': 4.1577495532009156e-08}. Best is trial 193 with value: 99242.98939471744.
[I 2025-09-22 18:56:19,250] Trial 234 finished with value: 99961.21359807513 and parameters: {'n_estimators': 486, 'max_depth': 10, 'learning_rate': 0.06762889293151879, 'subsample': 0.9404381127603852, 'colsample_bytree': 0.8298498406858582, 'reg_alpha': 0.0004010262467307886, 'reg_lambda': 5.820702444254983e-08}. Best is trial 193 with value: 99242.98939471744.
[I 2025-09-22 18:56:22,091] Trial 235 finished with value: 99849.67645415783 and parameters: {'n_estimators': 500, 'max_depth': 10, 'learning_rate': 0.07657939897028586, 'subsample': 0.9528801956470343, 'colsample_bytree': 0.8145648265806755, 'reg_alpha': 0.06507350066837442, 'reg_lambda': 3.28541904286266e-08}. Best is trial 193 with value: 99242.98939471744.  
[I 2025-09-22 18:56:24,855] Trial 236 finished with value: 100014.02269681987 and parameters: {'n_estimators': 478, 'max_depth': 10, 'learning_rate': 0.07057315829900887, 'subsample': 0.9450217699652131, 'colsample_bytree': 0.7811734365113616, 'reg_alpha': 2.5737618232511284e-05, 'reg_lambda': 1.8013439473506434e-08}. Best is trial 193 with value: 99242.98939471744.
[I 2025-09-22 18:56:27,644] Trial 237 finished with value: 100016.85873891461 and parameters: {'n_estimators': 493, 'max_depth': 10, 'learning_rate': 0.06401349683409634, 'subsample': 0.9623774386571453, 'colsample_bytree': 0.8011832202251317, 'reg_alpha': 0.0001488879809223331, 'reg_lambda': 1.0364367454541649e-07}. Best is trial 193 with value: 99242.98939471744.
[I 2025-09-22 18:56:30,339] Trial 238 finished with value: 100294.16190387156 and parameters: {'n_estimators': 471, 'max_depth': 10, 'learning_rate': 0.0830767383770389, 'subsample': 0.9272037718034362, 'colsample_bytree': 0.7935368848220256, 'reg_alpha': 0.000518004690514545, 'reg_lambda': 3.156192332550726e-08}. Best is trial 193 with value: 99242.98939471744.
[I 2025-09-22 18:56:33,190] Trial 239 finished with value: 99780.54126932766 and parameters: {'n_estimators': 485, 'max_depth': 10, 'learning_rate': 0.05875301409920388, 'subsample': 0.9378067547793597, 'colsample_bytree': 0.8244932598798846, 'reg_alpha': 0.00030470334131786647, 'reg_lambda': 1.513513407359702e-08}. Best is trial 193 with value: 99242.98939471744.
[I 2025-09-22 18:56:35,977] Trial 240 finished with value: 100064.73680572992 and parameters: {'n_estimators': 493, 'max_depth': 10, 'learning_rate': 0.0675038234621431, 'subsample': 0.955431364002895, 'colsample_bytree': 0.8377045029219421, 'reg_alpha': 0.00023575622757927741, 'reg_lambda': 1.678597097924133e-07}. Best is trial 193 with value: 99242.98939471744.
[I 2025-09-22 18:56:38,858] Trial 241 finished with value: 99584.84318409102 and parameters: {'n_estimators': 491, 'max_depth': 10, 'learning_rate': 0.06196494507071456, 'subsample': 0.9326368848473097, 'colsample_bytree': 0.8181698545243294, 'reg_alpha': 6.36625445357377e-05, 'reg_lambda': 2.6521539277246446e-08}. Best is trial 193 with value: 99242.98939471744.
[I 2025-09-22 18:56:41,790] Trial 242 finished with value: 99794.5332370466 and parameters: {'n_estimators': 487, 'max_depth': 10, 'learning_rate': 0.06309185319478376, 'subsample': 0.9303620941892286, 'colsample_bytree': 0.8162705779449099, 'reg_alpha': 0.0009624232055364611, 'reg_lambda': 2.2312544708115656e-08}. Best is trial 193 with value: 99242.98939471744.
[I 2025-09-22 18:56:44,892] Trial 243 finished with value: 99598.67758158238 and parameters: {'n_estimators': 500, 'max_depth': 10, 'learning_rate': 0.05342645703909136, 'subsample': 0.9425379366708112, 'colsample_bytree': 0.8118802681894309, 'reg_alpha': 0.00016042835014987996, 'reg_lambda': 5.072132379705394e-08}. Best is trial 193 with value: 99242.98939471744.
[I 2025-09-22 18:56:47,757] Trial 244 finished with value: 99603.90546559909 and parameters: {'n_estimators': 495, 'max_depth': 10, 'learning_rate': 0.05557931971557893, 'subsample': 0.9457833982034922, 'colsample_bytree': 0.8063976606415013, 'reg_alpha': 5.534396979495021e-05, 'reg_lambda': 5.6197833492970205e-08}. Best is trial 193 with value: 99242.98939471744.
[I 2025-09-22 18:56:50,677] Trial 245 finished with value: 99594.79118909784 and parameters: {'n_estimators': 477, 'max_depth': 10, 'learning_rate': 0.05285306781063384, 'subsample': 0.9494718014999589, 'colsample_bytree': 0.8083628693588399, 'reg_alpha': 6.873880767278528e-05, 'reg_lambda': 5.440750148377371e-08}. Best is trial 193 with value: 99242.98939471744.
[I 2025-09-22 18:56:53,491] Trial 246 finished with value: 100288.26547507939 and parameters: {'n_estimators': 500, 'max_depth': 10, 'learning_rate': 0.05244167909414402, 'subsample': 0.9999012908845213, 'colsample_bytree': 0.8085586804018732, 'reg_alpha': 7.911644370587057e-05, 'reg_lambda': 8.409894570207568e-08}. Best is trial 193 with value: 99242.98939471744.
[I 2025-09-22 18:56:56,264] Trial 247 finished with value: 99750.3802900019 and parameters: {'n_estimators': 483, 'max_depth': 10, 'learning_rate': 0.051955771108431054, 'subsample': 0.9499884086624372, 'colsample_bytree': 0.8060098175769816, 'reg_alpha': 4.3272330536468735e-05, 'reg_lambda': 5.4877431396946834e-08}. Best is trial 193 with value: 99242.98939471744.
[I 2025-09-22 18:56:59,143] Trial 248 finished with value: 99489.91442352335 and parameters: {'n_estimators': 500, 'max_depth': 10, 'learning_rate': 0.05776157274443751, 'subsample': 0.946916925265981, 'colsample_bytree': 0.8286264209426983, 'reg_alpha': 0.0001306083945574807, 'reg_lambda': 3.898648534922666e-08}. Best is trial 193 with value: 99242.98939471744.
[I 2025-09-22 18:57:02,018] Trial 249 finished with value: 99937.24494901788 and parameters: {'n_estimators': 500, 'max_depth': 10, 'learning_rate': 0.055301898553782966, 'subsample': 0.9721977159708306, 'colsample_bytree': 0.8299730852313965, 'reg_alpha': 3.829462614642897e-05, 'reg_lambda': 6.999961486306915e-08}. Best is trial 193 with value: 99242.98939471744.
Optuna best RMSE: 99242.98939471744
Optuna best params: {'n_estimators': 500, 'max_depth': 10, 'learning_rate': 0.06392266346049806, 'subsample': 0.9470227930179066, 'colsample_bytree': 0.8107740515560922, 'reg_alpha': 0.0006103999127131907, 'reg_lambda': 1.9326779466946295e-08}
C:\Users\Marcin\Documents\Uczelnia PG\Projekt końcowy\src\modeling.py:129: ExperimentalWarning: plot_optimization_history is experimental (supported from v2.2.0). The interface can change in the future.
  fig = ovm.plot_optimization_history(study)
C:\Users\Marcin\Documents\Uczelnia PG\Projekt końcowy\src\modeling.py:131: ExperimentalWarning: plot_param_importances is experimental (supported from v2.2.0). The interface can change in the future.
  fig2 = ovm.plot_param_importances(study)
XGB: training without early stopping.
XGB test RMSE: 94523.18, R2: 0.9026, MAE: 64568.12
   XGB training completed.
-> Saving XGB artifacts ...
   Saved XGB artifacts to models/xgb_apartment_artifacts.pkl and models/xgb_final.pkl
-> Analyzing XGB errors and saving reports...

--- Error metrics ---
MAE: 64568.12
RMSE: 94523.18
MedianAE: 43093.47
MAPE: 9.32
Error < 50k PLN (%): 55.16
Error < 100k PLN (%): 79.66
   XGB error reports saved.
-> Running SHAP analysis and saving plots (full run)...
SHAP plots saved.
   SHAP top features saved to reports/shap_top_features.json
-> Cleaning up (gc.collect)...
Pipeline finished.