[I 2025-09-22 18:48:20,756] Trial 54 finished with value: 100696.37848502795 and parameters: {'n_estimators': 376, 'max_depth': 10, 'learning_rate': 0.09187036262344045, 'subsample': 0.6609302746316268, 'colsample_bytree': 0.954833590607019, 'reg_alpha': 2.8035487015581243e-07, 'reg_lambda': 5.332921457948903}. Best is trial 54 with value: 100696.37848502795.   
[I 2025-09-22 18:48:22,495] Trial 55 finished with value: 101276.66345214973 and parameters: {'n_estimators': 431, 'max_depth': 9, 'learning_rate': 0.09961360941843005, 'subsample': 0.6012769518224524, 'colsample_bytree': 0.9798758739930113, 'reg_alpha': 3.942329864504454e-07, 'reg_lambda': 4.903467466324897}. Best is trial 54 with value: 100696.37848502795.    
[I 2025-09-22 18:48:24,708] Trial 56 finished with value: 101840.74783700284 and parameters: {'n_estimators': 374, 'max_depth': 10, 'learning_rate': 0.13999422451684537, 'subsample': 0.6614071884401367, 'colsample_bytree': 0.9523542270532194, 'reg_alpha': 9.448379369141055e-06, 'reg_lambda': 1.1717217017001857}. Best is trial 54 with value: 100696.37848502795.  
[I 2025-09-22 18:48:27,155] Trial 57 finished with value: 100744.81791139433 and parameters: {'n_estimators': 387, 'max_depth': 10, 'learning_rate': 0.06735541133467726, 'subsample': 0.6291940780478377, 'colsample_bytree': 0.8966693365848815, 'reg_alpha': 1.2524688732134222e-06, 'reg_lambda': 4.727921001529784}. Best is trial 54 with value: 100696.37848502795.  
[I 2025-09-22 18:48:28,709] Trial 58 finished with value: 102209.4527135333 and parameters: {'n_estimators': 419, 'max_depth': 9, 'learning_rate': 0.06803331808550886, 'subsample': 0.6256527140308923, 'colsample_bytree': 0.893719504277499, 'reg_alpha': 4.3083030210690024e-06, 'reg_lambda': 7.277730403556798}. Best is trial 54 with value: 100696.37848502795.     
[I 2025-09-22 18:48:30,874] Trial 59 finished with value: 102466.98808884743 and parameters: {'n_estimators': 357, 'max_depth': 10, 'learning_rate': 0.04255433618439672, 'subsample': 0.6184705692173247, 'colsample_bytree': 0.8523891094853824, 'reg_alpha': 8.448407435007237e-07, 'reg_lambda': 4.756320900127723}. Best is trial 54 with value: 100696.37848502795.   
[I 2025-09-22 18:48:31,609] Trial 60 finished with value: 107473.42800897345 and parameters: {'n_estimators': 383, 'max_depth': 7, 'learning_rate': 0.054858445120219666, 'subsample': 0.633079475979786, 'colsample_bytree': 0.9796402410952749, 'reg_alpha': 1.7263303710939995e-06, 'reg_lambda': 0.41778165348660695}. Best is trial 54 with value: 100696.37848502795. 
[I 2025-09-22 18:48:33,978] Trial 61 finished with value: 100276.61964785212 and parameters: {'n_estimators': 400, 'max_depth': 10, 'learning_rate': 0.0840365064617557, 'subsample': 0.6528210708393629, 'colsample_bytree': 0.943154498894172, 'reg_alpha': 9.61508376993827e-08, 'reg_lambda': 1.9859613250194879}. Best is trial 61 with value: 100276.61964785212.     
[I 2025-09-22 18:48:36,591] Trial 62 finished with value: 100336.00892999482 and parameters: {'n_estimators': 402, 'max_depth': 10, 'learning_rate': 0.07950925954456936, 'subsample': 0.6518802748195481, 'colsample_bytree': 0.9466585962486287, 'reg_alpha': 1.2911402328587902e-07, 'reg_lambda': 3.1970170246310414}. Best is trial 61 with value: 100276.61964785212. 
[I 2025-09-22 18:48:39,038] Trial 63 finished with value: 101368.99975830875 and parameters: {'n_estimators': 399, 'max_depth': 10, 'learning_rate': 0.10938913201508009, 'subsample': 0.6546596286701268, 'colsample_bytree': 0.94292923799787, 'reg_alpha': 2.1589268648955485e-07, 'reg_lambda': 2.9537548358632733}. Best is trial 61 with value: 100276.61964785212.   
[I 2025-09-22 18:48:41,133] Trial 64 finished with value: 101558.00328876104 and parameters: {'n_estimators': 340, 'max_depth': 10, 'learning_rate': 0.08358608916452312, 'subsample': 0.6003065005882435, 'colsample_bytree': 0.9651195190642097, 'reg_alpha': 1.492850882573658e-06, 'reg_lambda': 0.0001595534019786389}. Best is trial 61 with value: 100276.61964785212.
[I 2025-09-22 18:48:43,343] Trial 65 finished with value: 100534.13064228486 and parameters: {'n_estimators': 365, 'max_depth': 10, 'learning_rate': 0.07891420022196895, 'subsample': 0.8493433758857435, 'colsample_bytree': 0.9264725874318032, 'reg_alpha': 1.040802411299666e-07, 'reg_lambda': 1.218833751271601}. Best is trial 61 with value: 100276.61964785212.   
[I 2025-09-22 18:48:43,860] Trial 66 finished with value: 111125.22377930224 and parameters: {'n_estimators': 359, 'max_depth': 6, 'learning_rate': 0.06258467882214408, 'subsample': 0.8461200498900372, 'colsample_bytree': 0.8604373519199362, 'reg_alpha': 1.0180811924059161e-07, 'reg_lambda': 1.343335808849665}. Best is trial 61 with value: 100276.61964785212.   
[I 2025-09-22 18:48:46,622] Trial 67 finished with value: 100133.56839741606 and parameters: {'n_estimators': 480, 'max_depth': 10, 'learning_rate': 0.08754086276282858, 'subsample': 0.8669429027418741, 'colsample_bytree': 0.8892146506002866, 'reg_alpha': 3.620510954712414e-07, 'reg_lambda': 3.7437414961090725}. Best is trial 67 with value: 100133.56839741606.  
[I 2025-09-22 18:48:48,523] Trial 68 finished with value: 100723.20630321495 and parameters: {'n_estimators': 484, 'max_depth': 9, 'learning_rate': 0.07693719181127018, 'subsample': 0.9289534848617244, 'colsample_bytree': 0.8321277056288291, 'reg_alpha': 2.7284210481549977e-07, 'reg_lambda': 1.1349444698130993}. Best is trial 67 with value: 100133.56839741606.  
[I 2025-09-22 18:48:50,567] Trial 69 finished with value: 101186.03413515128 and parameters: {'n_estimators': 480, 'max_depth': 9, 'learning_rate': 0.07707551569429426, 'subsample': 0.9223902990989089, 'colsample_bytree': 0.815098762779607, 'reg_alpha': 3.379748962971617e-07, 'reg_lambda': 5.124171949849623e-07}. Best is trial 67 with value: 100133.56839741606. 
[I 2025-09-22 18:48:52,341] Trial 70 finished with value: 101543.55849584946 and parameters: {'n_estimators': 459, 'max_depth': 9, 'learning_rate': 0.05346849475706556, 'subsample': 0.9505593365598399, 'colsample_bytree': 0.8309026364776756, 'reg_alpha': 1.1150787161907582e-06, 'reg_lambda': 1.2781766017607743}. Best is trial 67 with value: 100133.56839741606.  
[I 2025-09-22 18:48:54,960] Trial 71 finished with value: 100379.72066109767 and parameters: {'n_estimators': 453, 'max_depth': 10, 'learning_rate': 0.0897415559983217, 'subsample': 0.8752148940928297, 'colsample_bytree': 0.88803015511307, 'reg_alpha': 1.5383873659000294e-07, 'reg_lambda': 0.3743116353396776}. Best is trial 67 with value: 100133.56839741606.    
[I 2025-09-22 18:48:57,704] Trial 72 finished with value: 100116.6883990876 and parameters: {'n_estimators': 493, 'max_depth': 10, 'learning_rate': 0.07240451677850074, 'subsample': 0.8698093760881371, 'colsample_bytree': 0.8697590067045671, 'reg_alpha': 4.2797975266622503e-07, 'reg_lambda': 0.8836923486707358}. Best is trial 72 with value: 100116.6883990876.   
[I 2025-09-22 18:49:00,547] Trial 73 finished with value: 100108.16294388784 and parameters: {'n_estimators': 486, 'max_depth': 10, 'learning_rate': 0.07917673958022307, 'subsample': 0.8788049451048882, 'colsample_bytree': 0.8739670629487468, 'reg_alpha': 1.6608090700202676e-07, 'reg_lambda': 0.35045253924048214}. Best is trial 73 with value: 100108.16294388784.
[I 2025-09-22 18:49:03,466] Trial 74 finished with value: 100144.0958619129 and parameters: {'n_estimators': 494, 'max_depth': 10, 'learning_rate': 0.08377992462436544, 'subsample': 0.8713230496303859, 'colsample_bytree': 0.8751210792496739, 'reg_alpha': 1.2982520925735956e-07, 'reg_lambda': 0.338656580985558}. Best is trial 73 with value: 100108.16294388784.   
[I 2025-09-22 18:49:06,444] Trial 75 finished with value: 99927.32078866119 and parameters: {'n_estimators': 499, 'max_depth': 10, 'learning_rate': 0.046245740832403716, 'subsample': 0.8665399025251478, 'colsample_bytree': 0.8686512899234818, 'reg_alpha': 1.00597695196622e-07, 'reg_lambda': 0.33132655142183864}. Best is trial 75 with value: 99927.32078866119.   
[I 2025-09-22 18:49:09,354] Trial 76 finished with value: 99808.6822676264 and parameters: {'n_estimators': 498, 'max_depth': 10, 'learning_rate': 0.04749963340220556, 'subsample': 0.867297097415491, 'colsample_bytree': 0.8690295375955476, 'reg_alpha': 4.5158096069262155e-07, 'reg_lambda': 0.01072637601713725}. Best is trial 76 with value: 99808.6822676264.     
[I 2025-09-22 18:49:12,599] Trial 77 finished with value: 100328.10940110454 and parameters: {'n_estimators': 491, 'max_depth': 10, 'learning_rate': 0.03412386606128538, 'subsample': 0.8725298347725283, 'colsample_bytree': 0.8685927776660693, 'reg_alpha': 5.387918577809375e-07, 'reg_lambda': 0.002248609521959007}. Best is trial 76 with value: 99808.6822676264.  
[I 2025-09-22 18:49:15,787] Trial 78 finished with value: 100231.39691733324 and parameters: {'n_estimators': 499, 'max_depth': 10, 'learning_rate': 0.041030402035071446, 'subsample': 0.8817610957692174, 'colsample_bytree': 0.8660784988907193, 'reg_alpha': 4.189209346652545e-06, 'reg_lambda': 0.005802886441479638}. Best is trial 76 with value: 99808.6822676264. 
[I 2025-09-22 18:49:17,715] Trial 79 finished with value: 101418.17304605719 and parameters: {'n_estimators': 497, 'max_depth': 9, 'learning_rate': 0.044603550756921226, 'subsample': 0.8935736711665042, 'colsample_bytree': 0.8668838972933933, 'reg_alpha': 1.5686411505416604e-05, 'reg_lambda': 0.006725856068118831}. Best is trial 76 with value: 99808.6822676264. 
[I 2025-09-22 18:49:20,575] Trial 80 finished with value: 100604.39179280396 and parameters: {'n_estimators': 471, 'max_depth': 10, 'learning_rate': 0.037318945319440404, 'subsample': 0.8666787995888888, 'colsample_bytree': 0.7894784080015472, 'reg_alpha': 2.6962434111174608e-06, 'reg_lambda': 0.04873257771508228}. Best is trial 76 with value: 99808.6822676264. 
[I 2025-09-22 18:49:23,526] Trial 81 finished with value: 100680.79300442562 and parameters: {'n_estimators': 486, 'max_depth': 10, 'learning_rate': 0.029045966264490564, 'subsample': 0.8830407248576819, 'colsample_bytree': 0.842230348982178, 'reg_alpha': 4.336594827365084e-07, 'reg_lambda': 0.0027947535484092404}. Best is trial 76 with value: 99808.6822676264. 
[I 2025-09-22 18:49:26,370] Trial 82 finished with value: 100696.92253490174 and parameters: {'n_estimators': 463, 'max_depth': 10, 'learning_rate': 0.03221648539813881, 'subsample': 0.9033564612400619, 'colsample_bytree': 0.8529997727019643, 'reg_alpha': 5.689157276936195e-07, 'reg_lambda': 0.001263719796363602}. Best is trial 76 with value: 99808.6822676264.  
[I 2025-09-22 18:49:29,475] Trial 83 finished with value: 101373.15147513172 and parameters: {'n_estimators': 492, 'max_depth': 10, 'learning_rate': 0.02479615321380844, 'subsample': 0.8611218865963518, 'colsample_bytree': 0.8719472669574496, 'reg_alpha': 7.388226984747459e-08, 'reg_lambda': 0.010882566334478667}. Best is trial 76 with value: 99808.6822676264.  
[I 2025-09-22 18:49:32,382] Trial 84 finished with value: 100235.5089177483 and parameters: {'n_estimators': 500, 'max_depth': 10, 'learning_rate': 0.036629906867551555, 'subsample': 0.830126100339007, 'colsample_bytree': 0.744199619041972, 'reg_alpha': 6.182938448376338e-07, 'reg_lambda': 0.001954538045420557}. Best is trial 76 with value: 99808.6822676264.    
[I 2025-09-22 18:49:35,213] Trial 85 finished with value: 100244.11037063475 and parameters: {'n_estimators': 500, 'max_depth': 10, 'learning_rate': 0.04748686172638678, 'subsample': 0.8874548953414938, 'colsample_bytree': 0.7409615472254946, 'reg_alpha': 4.661539583704068e-06, 'reg_lambda': 0.0005601669422824715}. Best is trial 76 with value: 99808.6822676264. 
[I 2025-09-22 18:49:36,930] Trial 86 finished with value: 101671.31229604543 and parameters: {'n_estimators': 475, 'max_depth': 9, 'learning_rate': 0.046164865596889475, 'subsample': 0.8326413541486616, 'colsample_bytree': 0.749526976093526, 'reg_alpha': 6.43764911072938e-06, 'reg_lambda': 0.000464016467442981}. Best is trial 76 with value: 99808.6822676264.    
[I 2025-09-22 18:49:39,679] Trial 87 finished with value: 100624.8484619977 and parameters: {'n_estimators': 482, 'max_depth': 10, 'learning_rate': 0.03883888491293351, 'subsample': 0.8877620452843691, 'colsample_bytree': 0.7089781227235796, 'reg_alpha': 2.9679025641970724e-06, 'reg_lambda': 3.668902062441116e-05}. Best is trial 76 with value: 99808.6822676264. 
[I 2025-09-22 18:49:40,109] Trial 88 finished with value: 119261.0893124828 and parameters: {'n_estimators': 465, 'max_depth': 4, 'learning_rate': 0.04958854407234742, 'subsample': 0.8230637177157396, 'colsample_bytree': 0.7334205930099533, 'reg_alpha': 5.630483749675463e-05, 'reg_lambda': 0.00018935278962401735}. Best is trial 76 with value: 99808.6822676264.  
[I 2025-09-22 18:49:42,810] Trial 89 finished with value: 100176.41271277386 and parameters: {'n_estimators': 494, 'max_depth': 10, 'learning_rate': 0.05681924081281355, 'subsample': 0.9155891891101116, 'colsample_bytree': 0.6967426937173695, 'reg_alpha': 8.737318893229965e-07, 'reg_lambda': 0.004638227343043909}. Best is trial 76 with value: 99808.6822676264.  
[I 2025-09-22 18:49:44,455] Trial 90 finished with value: 101700.66697913047 and parameters: {'n_estimators': 478, 'max_depth': 9, 'learning_rate': 0.05877173013356764, 'subsample': 0.9133225303642085, 'colsample_bytree': 0.6838161433332273, 'reg_alpha': 1.0252024512881323e-06, 'reg_lambda': 0.004973640472885014}. Best is trial 76 with value: 99808.6822676264.  
[I 2025-09-22 18:49:47,247] Trial 91 finished with value: 100099.59072843405 and parameters: {'n_estimators': 499, 'max_depth': 10, 'learning_rate': 0.046917206749428106, 'subsample': 0.8577894758272806, 'colsample_bytree': 0.6652662500547584, 'reg_alpha': 4.572802176260336e-06, 'reg_lambda': 0.0005788653810479244}. Best is trial 76 with value: 99808.6822676264.
[I 2025-09-22 18:49:50,125] Trial 92 finished with value: 100859.86285931585 and parameters: {'n_estimators': 500, 'max_depth': 10, 'learning_rate': 0.04173739687898462, 'subsample': 0.8526749599083587, 'colsample_bytree': 0.6382445166592667, 'reg_alpha': 1.8844601009969775e-06, 'reg_lambda': 0.011910536366300609}. Best is trial 76 with value: 99808.6822676264. 
[I 2025-09-22 18:49:52,791] Trial 93 finished with value: 100607.15012363683 and parameters: {'n_estimators': 488, 'max_depth': 10, 'learning_rate': 0.053290629211071305, 'subsample': 0.8628229451478128, 'colsample_bytree': 0.6129711455774176, 'reg_alpha': 6.314318214113285e-07, 'reg_lambda': 0.0015011067564996146}. Best is trial 76 with value: 99808.6822676264.
[I 2025-09-22 18:49:55,462] Trial 94 finished with value: 101193.56817505744 and parameters: {'n_estimators': 451, 'max_depth': 10, 'learning_rate': 0.030488140529901418, 'subsample': 0.8959395936051225, 'colsample_bytree': 0.6676450577108872, 'reg_alpha': 1.743403215543854e-07, 'reg_lambda': 0.10785861676669145}. Best is trial 76 with value: 99808.6822676264.  
[I 2025-09-22 18:49:58,238] Trial 95 finished with value: 100872.10119750653 and parameters: {'n_estimators': 468, 'max_depth': 10, 'learning_rate': 0.035457825943610154, 'subsample': 0.8423117280202529, 'colsample_bytree': 0.6932924299029943, 'reg_alpha': 2.2151797994044434e-07, 'reg_lambda': 0.000827341852331772}. Best is trial 76 with value: 99808.6822676264.
[I 2025-09-22 18:50:00,830] Trial 96 finished with value: 101102.2516069746 and parameters: {'n_estimators': 442, 'max_depth': 10, 'learning_rate': 0.040649084008661455, 'subsample': 0.959233545805696, 'colsample_bytree': 0.6668702436093786, 'reg_alpha': 1.3766734166550003e-05, 'reg_lambda': 0.023038433806237525}. Best is trial 76 with value: 99808.6822676264.  
[I 2025-09-22 18:50:04,545] Trial 97 finished with value: 105717.70409917158 and parameters: {'n_estimators': 489, 'max_depth': 10, 'learning_rate': 0.010734206287884736, 'subsample': 0.8777301613059589, 'colsample_bytree': 0.7152180457212307, 'reg_alpha': 4.1977954095373366e-05, 'reg_lambda': 0.000253823660884237}. Best is trial 76 with value: 99808.6822676264.
[I 2025-09-22 18:50:07,447] Trial 98 finished with value: 99992.21729714768 and parameters: {'n_estimators': 474, 'max_depth': 10, 'learning_rate': 0.06311802525752998, 'subsample': 0.9145176753846624, 'colsample_bytree': 0.8063098698718282, 'reg_alpha': 1.9471580199421773e-08, 'reg_lambda': 0.004662537163850961}. Best is trial 76 with value: 99808.6822676264.  
[I 2025-09-22 18:50:09,123] Trial 99 finished with value: 101022.04876164411 and parameters: {'n_estimators': 474, 'max_depth': 9, 'learning_rate': 0.06280353906561992, 'subsample': 0.9130142122768099, 'colsample_bytree': 0.7609188020795188, 'reg_alpha': 2.563088359238442e-08, 'reg_lambda': 0.007668311159962734}. Best is trial 76 with value: 99808.6822676264.   
[I 2025-09-22 18:50:10,308] Trial 100 finished with value: 102736.7263640418 and parameters: {'n_estimators': 457, 'max_depth': 8, 'learning_rate': 0.06940720798290434, 'subsample': 0.9525425798748378, 'colsample_bytree': 0.809516872219122, 'reg_alpha': 4.708673866434891e-08, 'reg_lambda': 0.031553547615332966}. Best is trial 76 with value: 99808.6822676264.    
[I 2025-09-22 18:50:13,285] Trial 101 finished with value: 99753.98345930853 and parameters: {'n_estimators': 500, 'max_depth': 10, 'learning_rate': 0.04494628327383353, 'subsample': 0.8558205501064817, 'colsample_bytree': 0.879396910908462, 'reg_alpha': 1.9815905524186174e-08, 'reg_lambda': 0.0019308419846640963}. Best is trial 101 with value: 99753.98345930853.
[I 2025-09-22 18:50:16,197] Trial 102 finished with value: 100288.78110736016 and parameters: {'n_estimators': 483, 'max_depth': 10, 'learning_rate': 0.05717123667012401, 'subsample': 0.909008527027468, 'colsample_bytree': 0.9062666783502077, 'reg_alpha': 2.028420839940089e-08, 'reg_lambda': 0.003014584902475731}. Best is trial 101 with value: 99753.98345930853.
[I 2025-09-22 18:50:19,221] Trial 103 finished with value: 99941.36905205972 and parameters: {'n_estimators': 492, 'max_depth': 10, 'learning_rate': 0.045114586574306344, 'subsample': 0.8571722786438006, 'colsample_bytree': 0.8828962351644335, 'reg_alpha': 3.580586219151574e-08, 'reg_lambda': 0.005646782403225802}. Best is trial 101 with value: 99753.98345930853.
[I 2025-09-22 18:50:22,080] Trial 104 finished with value: 100291.12439293918 and parameters: {'n_estimators': 468, 'max_depth': 10, 'learning_rate': 0.050767220763486234, 'subsample': 0.8572795622223366, 'colsample_bytree': 0.8826117943399082, 'reg_alpha': 3.5736231685717316e-08, 'reg_lambda': 0.014189655858671194}. Best is trial 101 with value: 99753.98345930853.
[I 2025-09-22 18:50:25,016] Trial 105 finished with value: 99930.3283693194 and parameters: {'n_estimators': 490, 'max_depth': 10, 'learning_rate': 0.0454100650437428, 'subsample': 0.8680542862370785, 'colsample_bytree': 0.8862378019988133, 'reg_alpha': 1.6045366830810863e-08, 'reg_lambda': 0.22167737580687702}. Best is trial 101 with value: 99753.98345930853.  
[I 2025-09-22 18:50:27,560] Trial 106 finished with value: 101730.27993670321 and parameters: {'n_estimators': 480, 'max_depth': 10, 'learning_rate': 0.0732160580739188, 'subsample': 0.8655655107330998, 'colsample_bytree': 0.5420116871610041, 'reg_alpha': 1.8452006004268497e-08, 'reg_lambda': 0.5418123369978679}. Best is trial 101 with value: 99753.98345930853. 
[I 2025-09-22 18:50:29,012] Trial 107 finished with value: 103014.91868656695 and parameters: {'n_estimators': 205, 'max_depth': 10, 'learning_rate': 0.04547110940078992, 'subsample': 0.8375244359594647, 'colsample_bytree': 0.8879469425771012, 'reg_alpha': 5.8112143420051706e-08, 'reg_lambda': 0.14320333595682302}. Best is trial 101 with value: 99753.98345930853.
[I 2025-09-22 18:50:30,615] Trial 108 finished with value: 101321.27310688511 and parameters: {'n_estimators': 433, 'max_depth': 9, 'learning_rate': 0.063295720538435, 'subsample': 0.8236755422278118, 'colsample_bytree': 0.907254643943733, 'reg_alpha': 1.6240854149335862e-08, 'reg_lambda': 0.28262556072231965}. Best is trial 101 with value: 99753.98345930853.   
[I 2025-09-22 18:50:33,421] Trial 109 finished with value: 100078.07000537131 and parameters: {'n_estimators': 487, 'max_depth': 10, 'learning_rate': 0.05129934001597846, 'subsample': 0.8972341217148856, 'colsample_bytree': 0.847711508037165, 'reg_alpha': 6.309572604079167e-08, 'reg_lambda': 0.06266844480896128}. Best is trial 101 with value: 99753.98345930853. 
[I 2025-09-22 18:50:36,454] Trial 110 finished with value: 99994.78258389284 and parameters: {'n_estimators': 463, 'max_depth': 10, 'learning_rate': 0.0440337197131892, 'subsample': 0.855663295799187, 'colsample_bytree': 0.8424357342129754, 'reg_alpha': 7.258996831949048e-08, 'reg_lambda': 9.895676606017342e-05}. Best is trial 101 with value: 99753.98345930853. 
[I 2025-09-22 18:50:39,411] Trial 111 finished with value: 99938.63845380324 and parameters: {'n_estimators': 475, 'max_depth': 10, 'learning_rate': 0.04380697662676639, 'subsample': 0.8973393363638402, 'colsample_bytree': 0.8243717021636994, 'reg_alpha': 2.8421677571464368e-08, 'reg_lambda': 5.778047165710083e-05}. Best is trial 101 with value: 99753.98345930853.
[I 2025-09-22 18:50:42,163] Trial 112 finished with value: 100117.71120036654 and parameters: {'n_estimators': 465, 'max_depth': 10, 'learning_rate': 0.04413453507854095, 'subsample': 0.894360871221849, 'colsample_bytree': 0.8256206752587569, 'reg_alpha': 2.571050183779197e-08, 'reg_lambda': 8.290515269711032e-05}. Best is trial 101 with value: 99753.98345930853.
[I 2025-09-22 18:50:45,194] Trial 113 finished with value: 99747.34675168057 and parameters: {'n_estimators': 489, 'max_depth': 10, 'learning_rate': 0.04828005674555344, 'subsample': 0.9002506676079075, 'colsample_bytree': 0.8014174466327437, 'reg_alpha': 6.419032532955986e-08, 'reg_lambda': 5.268169972359212e-06}. Best is trial 113 with value: 99747.34675168057.
