[I 2025-09-22 18:50:47,873] Trial 114 finished with value: 100010.67974971473 and parameters: {'n_estimators': 444, 'max_depth': 10, 'learning_rate': 0.050177716185104936, 'subsample': 0.931103558057099, 'colsample_bytree': 0.8019231694811328, 'reg_alpha': 7.048368223344097e-08, 'reg_lambda': 4.9819456931454755e-06}. Best is trial 113 with value: 99747.34675168057.
[I 2025-09-22 18:50:50,583] Trial 115 finished with value: 100021.75763302702 and parameters: {'n_estimators': 445, 'max_depth': 10, 'learning_rate': 0.048474260057061576, 'subsample': 0.9422842722448828, 'colsample_bytree': 0.8040411288949171, 'reg_alpha': 6.795741776338206e-08, 'reg_lambda': 1.1660564308118869e-06}. Best is trial 113 with value: 99747.34675168057.
[I 2025-09-22 18:50:53,260] Trial 116 finished with value: 99709.62769963591 and parameters: {'n_estimators': 445, 'max_depth': 10, 'learning_rate': 0.051960855347101445, 'subsample': 0.9765194125483885, 'colsample_bytree': 0.7853842618781737, 'reg_alpha': 7.470583230768643e-08, 'reg_lambda': 3.414951344293016e-05}. Best is trial 116 with value: 99709.62769963591.
[I 2025-09-22 18:50:56,323] Trial 117 finished with value: 100371.65113716123 and parameters: {'n_estimators': 450, 'max_depth': 10, 'learning_rate': 0.04021333962867844, 'subsample': 0.9743775360557153, 'colsample_bytree': 0.7979297611655256, 'reg_alpha': 4.680879440623995e-08, 'reg_lambda': 1.4880593345122484e-05}. Best is trial 116 with value: 99709.62769963591.
[I 2025-09-22 18:50:57,944] Trial 118 finished with value: 101528.05767865354 and parameters: {'n_estimators': 427, 'max_depth': 9, 'learning_rate': 0.04795112346167282, 'subsample': 0.942900177684979, 'colsample_bytree': 0.7855398102116293, 'reg_alpha': 3.116284128134196e-08, 'reg_lambda': 5.302355114058002e-06}. Best is trial 116 with value: 99709.62769963591.
[I 2025-09-22 18:51:00,643] Trial 119 finished with value: 100332.55934142217 and parameters: {'n_estimators': 441, 'max_depth': 10, 'learning_rate': 0.053830632133870564, 'subsample': 0.9859302402201946, 'colsample_bytree': 0.8052985376508435, 'reg_alpha': 1.6478582479985114e-08, 'reg_lambda': 1.1075671305576318e-06}. Best is trial 116 with value: 99709.62769963591.
[I 2025-09-22 18:51:02,432] Trial 120 finished with value: 102350.73314832679 and parameters: {'n_estimators': 457, 'max_depth': 9, 'learning_rate': 0.03802888216849259, 'subsample': 0.9305166694747513, 'colsample_bytree': 0.822734272566415, 'reg_alpha': 8.67061252772543e-08, 'reg_lambda': 7.877233996141127e-06}. Best is trial 116 with value: 99709.62769963591. 
[I 2025-09-22 18:51:05,228] Trial 121 finished with value: 99968.48143289964 and parameters: {'n_estimators': 476, 'max_depth': 10, 'learning_rate': 0.050100985991527354, 'subsample': 0.9375101836905451, 'colsample_bytree': 0.7775408647655822, 'reg_alpha': 6.553459601086526e-08, 'reg_lambda': 3.5657093578309877e-05}. Best is trial 116 with value: 99709.62769963591.
[I 2025-09-22 18:51:07,908] Trial 122 finished with value: 100089.86681977352 and parameters: {'n_estimators': 472, 'max_depth': 10, 'learning_rate': 0.04985224954717467, 'subsample': 0.9645628929843132, 'colsample_bytree': 0.78075951950627, 'reg_alpha': 3.843280006392998e-08, 'reg_lambda': 9.416733591001765e-05}. Best is trial 116 with value: 99709.62769963591.
[I 2025-09-22 18:51:10,703] Trial 123 finished with value: 100284.2628531516 and parameters: {'n_estimators': 462, 'max_depth': 10, 'learning_rate': 0.043950900962331875, 'subsample': 0.9419211964766857, 'colsample_bytree': 0.766118236207765, 'reg_alpha': 7.555404620591414e-08, 'reg_lambda': 4.827539577951178e-05}. Best is trial 116 with value: 99709.62769963591.
[I 2025-09-22 18:51:13,425] Trial 124 finished with value: 99958.46817553778 and parameters: {'n_estimators': 448, 'max_depth': 10, 'learning_rate': 0.059204622794593376, 'subsample': 0.9272986752810388, 'colsample_bytree': 0.7970595202842068, 'reg_alpha': 2.3169068476689284e-08, 'reg_lambda': 2.231159889108485e-07}. Best is trial 116 with value: 99709.62769963591.
[I 2025-09-22 18:51:16,088] Trial 125 finished with value: 99742.9836329353 and parameters: {'n_estimators': 435, 'max_depth': 10, 'learning_rate': 0.06031160059607032, 'subsample': 0.9254410498856707, 'colsample_bytree': 0.8341591031296567, 'reg_alpha': 1.0924099416470677e-08, 'reg_lambda': 3.9447892936488046e-08}. Best is trial 116 with value: 99709.62769963591.
[I 2025-09-22 18:51:18,900] Trial 126 finished with value: 99906.90578733785 and parameters: {'n_estimators': 475, 'max_depth': 10, 'learning_rate': 0.06029578716056471, 'subsample': 0.9208734867562175, 'colsample_bytree': 0.8325044718660943, 'reg_alpha': 1.3166236230799853e-08, 'reg_lambda': 2.0018963394170316e-08}. Best is trial 116 with value: 99709.62769963591.
[I 2025-09-22 18:51:19,564] Trial 127 finished with value: 109922.07276066077 and parameters: {'n_estimators': 476, 'max_depth': 6, 'learning_rate': 0.061339084295119584, 'subsample': 0.9239521853564207, 'colsample_bytree': 0.8196960900614849, 'reg_alpha': 1.1308463385700428e-08, 'reg_lambda': 1.8456596356588524e-08}. Best is trial 116 with value: 99709.62769963591.
[I 2025-09-22 18:51:22,250] Trial 128 finished with value: 99712.1848522035 and parameters: {'n_estimators': 474, 'max_depth': 10, 'learning_rate': 0.056249804876532944, 'subsample': 0.9213428855113112, 'colsample_bytree': 0.7727001946433242, 'reg_alpha': 2.0909698271934068e-08, 'reg_lambda': 5.563752159358669e-08}. Best is trial 116 with value: 99709.62769963591.
[I 2025-09-22 18:51:24,987] Trial 129 finished with value: 99870.3030935623 and parameters: {'n_estimators': 482, 'max_depth': 10, 'learning_rate': 0.05597067391715836, 'subsample': 0.9003564126049318, 'colsample_bytree': 0.7599085035656076, 'reg_alpha': 1.0421922346196188e-08, 'reg_lambda': 7.85176183360248e-08}. Best is trial 116 with value: 99709.62769963591.
[I 2025-09-22 18:51:25,795] Trial 130 finished with value: 107278.54793946458 and parameters: {'n_estimators': 437, 'max_depth': 7, 'learning_rate': 0.05461910337060941, 'subsample': 0.9044954236046231, 'colsample_bytree': 0.7613122889435086, 'reg_alpha': 1.3742113373251543e-08, 'reg_lambda': 6.255523460907858e-08}. Best is trial 116 with value: 99709.62769963591.
[I 2025-09-22 18:51:28,733] Trial 131 finished with value: 99471.257516933 and parameters: {'n_estimators': 485, 'max_depth': 10, 'learning_rate': 0.0574116261263573, 'subsample': 0.9362743653552751, 'colsample_bytree': 0.8354826050676459, 'reg_alpha': 2.738046808634912e-08, 'reg_lambda': 6.31698541623863e-08}. Best is trial 131 with value: 99471.257516933.     
[I 2025-09-22 18:51:31,604] Trial 132 finished with value: 99523.02503441101 and parameters: {'n_estimators': 487, 'max_depth': 10, 'learning_rate': 0.05757453182768445, 'subsample': 0.9184317398338429, 'colsample_bytree': 0.8346345548139897, 'reg_alpha': 2.550233515578611e-08, 'reg_lambda': 1.5107822520861457e-07}. Best is trial 131 with value: 99471.257516933.
[I 2025-09-22 18:51:34,478] Trial 133 finished with value: 99809.18498815628 and parameters: {'n_estimators': 488, 'max_depth': 10, 'learning_rate': 0.05683486334016038, 'subsample': 0.9193611747045558, 'colsample_bytree': 0.8312710755879179, 'reg_alpha': 1.0227732243147458e-08, 'reg_lambda': 6.478741463826506e-08}. Best is trial 131 with value: 99471.257516933.
[I 2025-09-22 18:51:37,482] Trial 134 finished with value: 100015.8297870892 and parameters: {'n_estimators': 484, 'max_depth': 10, 'learning_rate': 0.05651178083474147, 'subsample': 0.9200193361384111, 'colsample_bytree': 0.8579460161871293, 'reg_alpha': 1.0898562254057904e-08, 'reg_lambda': 5.313449185183933e-08}. Best is trial 131 with value: 99471.257516933.
[I 2025-09-22 18:51:40,431] Trial 135 finished with value: 99498.72955972856 and parameters: {'n_estimators': 489, 'max_depth': 10, 'learning_rate': 0.06788170428321183, 'subsample': 0.8989283022800897, 'colsample_bytree': 0.8326680706374334, 'reg_alpha': 1.0167216634571943e-08, 'reg_lambda': 2.7290397448195555e-08}. Best is trial 131 with value: 99471.257516933.
[I 2025-09-22 18:51:43,393] Trial 136 finished with value: 99785.00536653791 and parameters: {'n_estimators': 487, 'max_depth': 10, 'learning_rate': 0.06757801865668375, 'subsample': 0.9064045068269486, 'colsample_bytree': 0.8386734169827779, 'reg_alpha': 1.0261310943845305e-08, 'reg_lambda': 3.065819566494422e-08}. Best is trial 131 with value: 99471.257516933.
[I 2025-09-22 18:51:46,335] Trial 137 finished with value: 99770.9145593043 and parameters: {'n_estimators': 482, 'max_depth': 10, 'learning_rate': 0.060166996873240966, 'subsample': 0.9060067517334977, 'colsample_bytree': 0.8348021689794294, 'reg_alpha': 1.0324564293887411e-08, 'reg_lambda': 2.6745031649322575e-08}. Best is trial 131 with value: 99471.257516933.
[I 2025-09-22 18:51:49,278] Trial 138 finished with value: 100074.71896538106 and parameters: {'n_estimators': 466, 'max_depth': 10, 'learning_rate': 0.05918064616523955, 'subsample': 0.9062018608242125, 'colsample_bytree': 0.8360382362847492, 'reg_alpha': 1.0204708466062527e-08, 'reg_lambda': 2.366245817109679e-08}. Best is trial 131 with value: 99471.257516933.
[I 2025-09-22 18:51:50,719] Trial 139 finished with value: 102747.6847427717 and parameters: {'n_estimators': 167, 'max_depth': 10, 'learning_rate': 0.06530131208365493, 'subsample': 0.9178593816101706, 'colsample_bytree': 0.8337196815250554, 'reg_alpha': 1.98631165804637e-08, 'reg_lambda': 1.3681023308100712e-07}. Best is trial 131 with value: 99471.257516933. 
[I 2025-09-22 18:51:53,148] Trial 140 finished with value: 100893.96001743613 and parameters: {'n_estimators': 486, 'max_depth': 9, 'learning_rate': 0.06540570638396209, 'subsample': 0.9356013362697735, 'colsample_bytree': 0.8123809612071727, 'reg_alpha': 1.0193249490569753e-08, 'reg_lambda': 3.293908928688697e-08}. Best is trial 131 with value: 99471.257516933.
[I 2025-09-22 18:51:56,232] Trial 141 finished with value: 99956.45515923422 and parameters: {'n_estimators': 484, 'max_depth': 10, 'learning_rate': 0.07141088683378516, 'subsample': 0.906738147097018, 'colsample_bytree': 0.8462784585589282, 'reg_alpha': 1.5795851428186087e-08, 'reg_lambda': 1.1952268988857046e-08}. Best is trial 131 with value: 99471.257516933.
[I 2025-09-22 18:51:56,712] Trial 142 finished with value: 118178.16624063854 and parameters: {'n_estimators': 500, 'max_depth': 4, 'learning_rate': 0.05529703755787808, 'subsample': 0.8869875372186563, 'colsample_bytree': 0.8346929847113077, 'reg_alpha': 2.527757606531175e-08, 'reg_lambda': 1.419175772479454e-07}. Best is trial 131 with value: 99471.257516933. 
[I 2025-09-22 18:51:59,737] Trial 143 finished with value: 99735.24761086224 and parameters: {'n_estimators': 493, 'max_depth': 10, 'learning_rate': 0.06730556646587797, 'subsample': 0.9495470979466729, 'colsample_bytree': 0.8553934765460609, 'reg_alpha': 4.1747574127428716e-08, 'reg_lambda': 4.5856587752320465e-08}. Best is trial 131 with value: 99471.257516933.
[I 2025-09-22 18:52:02,716] Trial 144 finished with value: 99820.55708119445 and parameters: {'n_estimators': 456, 'max_depth': 10, 'learning_rate': 0.0684367312498042, 'subsample': 0.9570267135893237, 'colsample_bytree': 0.8569791808872851, 'reg_alpha': 3.8667000975041666e-08, 'reg_lambda': 4.456245742868454e-08}. Best is trial 131 with value: 99471.257516933. 
[I 2025-09-22 18:52:05,919] Trial 145 finished with value: 100168.00479194941 and parameters: {'n_estimators': 490, 'max_depth': 10, 'learning_rate': 0.06857848482683637, 'subsample': 0.9586357223465729, 'colsample_bytree': 0.8580135647818766, 'reg_alpha': 3.731923253002252e-08, 'reg_lambda': 5.0084764935418876e-08}. Best is trial 131 with value: 99471.257516933.
[I 2025-09-22 18:52:08,726] Trial 146 finished with value: 100175.86072502697 and parameters: {'n_estimators': 457, 'max_depth': 10, 'learning_rate': 0.06510501156679155, 'subsample': 0.9671410967870678, 'colsample_bytree': 0.8169406891079509, 'reg_alpha': 2.0749663050710515e-08, 'reg_lambda': 8.833595904730163e-08}. Best is trial 131 with value: 99471.257516933.
[I 2025-09-22 18:52:11,635] Trial 147 finished with value: 100168.40859272948 and parameters: {'n_estimators': 484, 'max_depth': 10, 'learning_rate': 0.05386047728089776, 'subsample': 0.9794383853311466, 'colsample_bytree': 0.7903364053808235, 'reg_alpha': 4.4575926792260605e-08, 'reg_lambda': 2.522757998116059e-07}. Best is trial 131 with value: 99471.257516933.
[I 2025-09-22 18:52:14,429] Trial 148 finished with value: 100250.86230053086 and parameters: {'n_estimators': 469, 'max_depth': 10, 'learning_rate': 0.07070682786785296, 'subsample': 0.9495933878596314, 'colsample_bytree': 0.854238010776999, 'reg_alpha': 2.9475146116409903e-08, 'reg_lambda': 3.602400250729973e-08}. Best is trial 131 with value: 99471.257516933.
[I 2025-09-22 18:52:17,185] Trial 149 finished with value: 99823.92691133724 and parameters: {'n_estimators': 480, 'max_depth': 10, 'learning_rate': 0.058439200930916944, 'subsample': 0.9511061731849645, 'colsample_bytree': 0.8457211845680169, 'reg_alpha': 1.0000995462507302e-08, 'reg_lambda': 9.044856116336883e-08}. Best is trial 131 with value: 99471.257516933.
[I 2025-09-22 18:52:19,779] Trial 150 finished with value: 100466.32263599579 and parameters: {'n_estimators': 462, 'max_depth': 10, 'learning_rate': 0.074854791535433, 'subsample': 0.9985085427737774, 'colsample_bytree': 0.8456264993818743, 'reg_alpha': 1.6745474986414106e-08, 'reg_lambda': 3.186863939637349e-08}. Best is trial 131 with value: 99471.257516933. 
[I 2025-09-22 18:52:20,338] Trial 151 finished with value: 113976.32764745493 and parameters: {'n_estimators': 491, 'max_depth': 5, 'learning_rate': 0.05958273773656036, 'subsample': 0.954852162805806, 'colsample_bytree': 0.7717498924391016, 'reg_alpha': 1.066037485906861e-08, 'reg_lambda': 1.0728850903066644e-07}. Best is trial 131 with value: 99471.257516933. 
[I 2025-09-22 18:52:23,088] Trial 152 finished with value: 99818.05912759474 and parameters: {'n_estimators': 480, 'max_depth': 10, 'learning_rate': 0.05281664254440124, 'subsample': 0.9480386886854497, 'colsample_bytree': 0.8399567747943869, 'reg_alpha': 2.4025661798694167e-08, 'reg_lambda': 7.023966188546826e-08}. Best is trial 131 with value: 99471.257516933.
[I 2025-09-22 18:52:25,813] Trial 153 finished with value: 99920.839067734 and parameters: {'n_estimators': 469, 'max_depth': 10, 'learning_rate': 0.05257866643159323, 'subsample': 0.9707627938479366, 'colsample_bytree': 0.841196195025731, 'reg_alpha': 0.0008544014945821271, 'reg_lambda': 2.0641614598801262e-07}. Best is trial 131 with value: 99471.257516933.   
[I 2025-09-22 18:52:28,958] Trial 154 finished with value: 100188.9031779468 and parameters: {'n_estimators': 479, 'max_depth': 10, 'learning_rate': 0.06703983296848919, 'subsample': 0.9480358117712869, 'colsample_bytree': 0.8594332642425729, 'reg_alpha': 3.762869914733003e-08, 'reg_lambda': 4.138385056805824e-07}. Best is trial 131 with value: 99471.257516933. 
[I 2025-09-22 18:52:32,023] Trial 155 finished with value: 99535.746664201 and parameters: {'n_estimators': 493, 'max_depth': 10, 'learning_rate': 0.06045238155130248, 'subsample': 0.9349833552251453, 'colsample_bytree': 0.8253663346552697, 'reg_alpha': 2.2363956315426996e-08, 'reg_lambda': 4.968699560654478e-08}. Best is trial 131 with value: 99471.257516933.  
[I 2025-09-22 18:52:34,934] Trial 156 finished with value: 100020.76968310132 and parameters: {'n_estimators': 492, 'max_depth': 10, 'learning_rate': 0.06280566213933912, 'subsample': 0.9372549107434642, 'colsample_bytree': 0.8259229070385509, 'reg_alpha': 2.7030671721813046e-08, 'reg_lambda': 4.0968901966771714e-08}. Best is trial 131 with value: 99471.257516933.
[I 2025-09-22 18:52:38,118] Trial 157 finished with value: 99893.5394907999 and parameters: {'n_estimators': 500, 'max_depth': 10, 'learning_rate': 0.053434055227506334, 'subsample': 0.92801970886711, 'colsample_bytree': 0.8121653587143992, 'reg_alpha': 4.693643985074043e-08, 'reg_lambda': 1.5825565965708427e-08}. Best is trial 131 with value: 99471.257516933.  
[I 2025-09-22 18:52:41,177] Trial 158 finished with value: 99730.21143063922 and parameters: {'n_estimators': 492, 'max_depth': 10, 'learning_rate': 0.06145407524242123, 'subsample': 0.9342897487354497, 'colsample_bytree': 0.8202022707175377, 'reg_alpha': 1.9042474396955147e-08, 'reg_lambda': 2.4151860077023808e-08}. Best is trial 131 with value: 99471.257516933.
[I 2025-09-22 18:52:44,264] Trial 159 finished with value: 100028.38125252252 and parameters: {'n_estimators': 491, 'max_depth': 10, 'learning_rate': 0.06116656703896753, 'subsample': 0.9120147425139851, 'colsample_bytree': 0.8214938282095307, 'reg_alpha': 1.9991852208194836e-08, 'reg_lambda': 2.4194967669098392e-08}. Best is trial 131 with value: 99471.257516933.
[I 2025-09-22 18:52:47,258] Trial 160 finished with value: 99827.178663929 and parameters: {'n_estimators': 493, 'max_depth': 10, 'learning_rate': 0.05165483632014295, 'subsample': 0.92430171319361, 'colsample_bytree': 0.833806527500675, 'reg_alpha': 1.7328632415245413e-08, 'reg_lambda': 1.0394092465341475e-08}. Best is trial 131 with value: 99471.257516933.    
[I 2025-09-22 18:52:50,235] Trial 161 finished with value: 99788.30456521445 and parameters: {'n_estimators': 481, 'max_depth': 10, 'learning_rate': 0.06865338001118185, 'subsample': 0.9335695975277445, 'colsample_bytree': 0.8505868861915541, 'reg_alpha': 3.112494483025191e-08, 'reg_lambda': 4.9448918201441636e-08}. Best is trial 131 with value: 99471.257516933.
[I 2025-09-22 18:52:53,297] Trial 162 finished with value: 99468.69931792613 and parameters: {'n_estimators': 484, 'max_depth': 10, 'learning_rate': 0.057347389349405455, 'subsample': 0.9298109445744304, 'colsample_bytree': 0.8155648787009173, 'reg_alpha': 2.5528264566252702e-08, 'reg_lambda': 6.87198026288468e-08}. Best is trial 162 with value: 99468.69931792613.
[I 2025-09-22 18:52:56,229] Trial 163 finished with value: 99516.42437306518 and parameters: {'n_estimators': 500, 'max_depth': 10, 'learning_rate': 0.0646767682472142, 'subsample': 0.9337258477124085, 'colsample_bytree': 0.8150321857192278, 'reg_alpha': 0.0002083976625910885, 'reg_lambda': 2.8715665876218433e-08}. Best is trial 162 with value: 99468.69931792613.
[I 2025-09-22 18:52:59,274] Trial 164 finished with value: 99914.5670260348 and parameters: {'n_estimators': 500, 'max_depth': 10, 'learning_rate': 0.07664063525059907, 'subsample': 0.9342662610359904, 'colsample_bytree': 0.7885640875131104, 'reg_alpha': 2.959276690899713e-08, 'reg_lambda': 2.7062776558561805e-08}. Best is trial 162 with value: 99468.69931792613.
[I 2025-09-22 18:53:02,122] Trial 165 finished with value: 99560.75821326392 and parameters: {'n_estimators': 472, 'max_depth': 10, 'learning_rate': 0.06504711062662696, 'subsample': 0.9312736556429894, 'colsample_bytree': 0.8138105086687394, 'reg_alpha': 0.004592896695167887, 'reg_lambda': 1.52663101410645e-08}. Best is trial 162 with value: 99468.69931792613. 
[I 2025-09-22 18:53:05,017] Trial 166 finished with value: 100188.10085035049 and parameters: {'n_estimators': 471, 'max_depth': 10, 'learning_rate': 0.07144329118632872, 'subsample': 0.9404459812505873, 'colsample_bytree': 0.8144311343526828, 'reg_alpha': 0.001621698197969148, 'reg_lambda': 1.5250557796009532e-08}. Best is trial 162 with value: 99468.69931792613.
[I 2025-09-22 18:53:07,927] Trial 167 finished with value: 99997.09691786057 and parameters: {'n_estimators': 481, 'max_depth': 10, 'learning_rate': 0.06511308309075048, 'subsample': 0.9316856358815524, 'colsample_bytree': 0.79363559506492, 'reg_alpha': 0.013647066260802889, 'reg_lambda': 1.3342091964424049e-07}. Best is trial 162 with value: 99468.69931792613. 
[I 2025-09-22 18:53:10,703] Trial 168 finished with value: 99842.07690147476 and parameters: {'n_estimators': 474, 'max_depth': 10, 'learning_rate': 0.06163231168948851, 'subsample': 0.9135840768602901, 'colsample_bytree': 0.8044895990409049, 'reg_alpha': 5.11844562182905e-08, 'reg_lambda': 3.948072402699627e-08}. Best is trial 162 with value: 99468.69931792613.
[I 2025-09-22 18:53:13,648] Trial 169 finished with value: 99723.45505446549 and parameters: {'n_estimators': 492, 'max_depth': 10, 'learning_rate': 0.07406556670222873, 'subsample': 0.9253861744375526, 'colsample_bytree': 0.8199731053853213, 'reg_alpha': 0.07394381969963043, 'reg_lambda': 1.8438514789080827e-08}. Best is trial 162 with value: 99468.69931792613.
[I 2025-09-22 18:53:16,724] Trial 170 finished with value: 100126.17959355086 and parameters: {'n_estimators': 490, 'max_depth': 10, 'learning_rate': 0.07272152511422444, 'subsample': 0.9258359173861865, 'colsample_bytree': 0.8197249745687823, 'reg_alpha': 0.3603308987829666, 'reg_lambda': 1.506344322561135e-08}. Best is trial 162 with value: 99468.69931792613. 
[I 2025-09-22 18:53:19,809] Trial 171 finished with value: 99837.72305095904 and parameters: {'n_estimators': 486, 'max_depth': 10, 'learning_rate': 0.06721348947766015, 'subsample': 0.9413940036066336, 'colsample_bytree': 0.8267750985566402, 'reg_alpha': 0.021054954306294848, 'reg_lambda': 2.394644316113858e-08}. Best is trial 162 with value: 99468.69931792613.
[I 2025-09-22 18:53:22,644] Trial 172 finished with value: 100054.24192906565 and parameters: {'n_estimators': 469, 'max_depth': 10, 'learning_rate': 0.08370962814166463, 'subsample': 0.9339361372543545, 'colsample_bytree': 0.8151389108915599, 'reg_alpha': 0.0001159539229872334, 'reg_lambda': 5.0800128491972174e-08}. Best is trial 162 with value: 99468.69931792613.
