[I 2025-09-22 18:53:24,282] Trial 173 finished with value: 101437.90534114947 and parameters: {'n_estimators': 246, 'max_depth': 10, 'learning_rate': 0.07621581036278016, 'subsample': 0.9076529005846947, 'colsample_bytree': 0.7982635346369569, 'reg_alpha': 0.004178035217574399, 'reg_lambda': 2.9431793518751378e-08}. Best is trial 162 with value: 99468.69931792613.
[I 2025-09-22 18:53:27,299] Trial 174 finished with value: 100237.65935016639 and parameters: {'n_estimators': 493, 'max_depth': 10, 'learning_rate': 0.05810518544089587, 'subsample': 0.9219593967723712, 'colsample_bytree': 0.78166541424327, 'reg_alpha': 0.05782299175017471, 'reg_lambda': 1.7344744139567106e-08}. Best is trial 162 with value: 99468.69931792613. 
[I 2025-09-22 18:53:30,077] Trial 175 finished with value: 99574.26173464707 and parameters: {'n_estimators': 482, 'max_depth': 10, 'learning_rate': 0.06806552674825272, 'subsample': 0.9448299947017433, 'colsample_bytree': 0.8100825514046035, 'reg_alpha': 0.13734984358919236, 'reg_lambda': 1.1913475024277122e-08}. Best is trial 162 with value: 99468.69931792613.
[I 2025-09-22 18:53:33,070] Trial 176 finished with value: 100353.97957231193 and parameters: {'n_estimators': 494, 'max_depth': 10, 'learning_rate': 0.06277996925320822, 'subsample': 0.9175407288282967, 'colsample_bytree': 0.8051696918396241, 'reg_alpha': 0.12047854474097211, 'reg_lambda': 1.029559349850035e-08}. Best is trial 162 with value: 99468.69931792613.
[I 2025-09-22 18:53:35,870] Trial 177 finished with value: 100384.63754977651 and parameters: {'n_estimators': 476, 'max_depth': 10, 'learning_rate': 0.08033238055788061, 'subsample': 0.9451059663948603, 'colsample_bytree': 0.8246938380216923, 'reg_alpha': 0.202512960111895, 'reg_lambda': 2.6696060044603096e-08}. Best is trial 162 with value: 99468.69931792613. 
[I 2025-09-22 18:53:38,737] Trial 178 finished with value: 100288.34715957781 and parameters: {'n_estimators': 465, 'max_depth': 10, 'learning_rate': 0.05793458021709825, 'subsample': 0.9603362868731959, 'colsample_bytree': 0.8127478436361901, 'reg_alpha': 0.4016315418866961, 'reg_lambda': 1.6937167065963645e-08}. Best is trial 162 with value: 99468.69931792613.
[I 2025-09-22 18:53:41,543] Trial 179 finished with value: 99923.3498237524 and parameters: {'n_estimators': 486, 'max_depth': 10, 'learning_rate': 0.06423767753401007, 'subsample': 0.9006048232424861, 'colsample_bytree': 0.792083166342444, 'reg_alpha': 0.12313839413550623, 'reg_lambda': 1.0404285981088224e-08}. Best is trial 162 with value: 99468.69931792613.  
[I 2025-09-22 18:53:44,487] Trial 180 finished with value: 99862.71023760572 and parameters: {'n_estimators': 500, 'max_depth': 10, 'learning_rate': 0.05582649494012722, 'subsample': 0.9780383930510264, 'colsample_bytree': 0.8402484409657376, 'reg_alpha': 0.6953392972316992, 'reg_lambda': 9.339819685696225e-08}. Best is trial 162 with value: 99468.69931792613.  
[I 2025-09-22 18:53:47,495] Trial 181 finished with value: 100059.72232621876 and parameters: {'n_estimators': 480, 'max_depth': 10, 'learning_rate': 0.06922522069523054, 'subsample': 0.9331320823159702, 'colsample_bytree': 0.8283114800113398, 'reg_alpha': 0.0030561426485340736, 'reg_lambda': 4.710775059357686e-08}. Best is trial 162 with value: 99468.69931792613.
[I 2025-09-22 18:53:50,693] Trial 182 finished with value: 100597.96387601491 and parameters: {'n_estimators': 484, 'max_depth': 10, 'learning_rate': 0.07331702742839283, 'subsample': 0.9224596605556656, 'colsample_bytree': 0.8517017887530411, 'reg_alpha': 0.0005238854947496012, 'reg_lambda': 6.019930302597277e-08}. Best is trial 162 with value: 99468.69931792613.
[I 2025-09-22 18:53:53,591] Trial 183 finished with value: 99621.4274139856 and parameters: {'n_estimators': 475, 'max_depth': 10, 'learning_rate': 0.06680877500776966, 'subsample': 0.9299821386887988, 'colsample_bytree': 0.8064796243667739, 'reg_alpha': 0.00021086694795254067, 'reg_lambda': 3.149582915300773e-08}. Best is trial 162 with value: 99468.69931792613.
[I 2025-09-22 18:53:56,602] Trial 184 finished with value: 99946.53802908833 and parameters: {'n_estimators': 473, 'max_depth': 10, 'learning_rate': 0.060425510748185765, 'subsample': 0.9110801145179312, 'colsample_bytree': 0.8135446683241658, 'reg_alpha': 0.00025810402287667353, 'reg_lambda': 3.176739472912634e-08}. Best is trial 162 with value: 99468.69931792613.
[I 2025-09-22 18:53:59,269] Trial 185 finished with value: 99897.11699543687 and parameters: {'n_estimators': 461, 'max_depth': 10, 'learning_rate': 0.0647519278384827, 'subsample': 0.9264888551339312, 'colsample_bytree': 0.7987883009943086, 'reg_alpha': 0.00020480683345041546, 'reg_lambda': 2.4164036097161193e-08}. Best is trial 162 with value: 99468.69931792613.
[I 2025-09-22 18:54:02,207] Trial 186 finished with value: 99720.38475657823 and parameters: {'n_estimators': 494, 'max_depth': 10, 'learning_rate': 0.06128405181716528, 'subsample': 0.9418064812083424, 'colsample_bytree': 0.7809051638243928, 'reg_alpha': 0.0006041926745307181, 'reg_lambda': 2.018507124782306e-08}. Best is trial 162 with value: 99468.69931792613.
[I 2025-09-22 18:54:04,800] Trial 187 finished with value: 100338.7746387208 and parameters: {'n_estimators': 416, 'max_depth': 10, 'learning_rate': 0.06032493109688496, 'subsample': 0.9384278787500815, 'colsample_bytree': 0.7739569360353741, 'reg_alpha': 2.0853285809359345, 'reg_lambda': 1.4192888589719577e-08}. Best is trial 162 with value: 99468.69931792613. 
[I 2025-09-22 18:54:07,661] Trial 188 finished with value: 99857.21390064916 and parameters: {'n_estimators': 494, 'max_depth': 10, 'learning_rate': 0.05612732624225323, 'subsample': 0.9647325702658641, 'colsample_bytree': 0.779615928612085, 'reg_alpha': 0.037093382401673744, 'reg_lambda': 7.122270591062461e-08}. Best is trial 162 with value: 99468.69931792613. 
[I 2025-09-22 18:54:10,809] Trial 189 finished with value: 99625.45152720764 and parameters: {'n_estimators': 500, 'max_depth': 10, 'learning_rate': 0.050687176382665414, 'subsample': 0.9457666245063989, 'colsample_bytree': 0.8046078220656093, 'reg_alpha': 0.0006175711071384567, 'reg_lambda': 2.0885531431581566e-08}. Best is trial 162 with value: 99468.69931792613.
[I 2025-09-22 18:54:11,200] Trial 190 finished with value: 123554.91320056844 and parameters: {'n_estimators': 496, 'max_depth': 3, 'learning_rate': 0.05187669946832727, 'subsample': 0.9437048685011089, 'colsample_bytree': 0.7878069424720034, 'reg_alpha': 8.737752978475282e-05, 'reg_lambda': 1.9115028200099568e-08}. Best is trial 162 with value: 99468.69931792613.
[I 2025-09-22 18:54:14,272] Trial 191 finished with value: 99873.66611875224 and parameters: {'n_estimators': 490, 'max_depth': 10, 'learning_rate': 0.04826798885101083, 'subsample': 0.9531991775555841, 'colsample_bytree': 0.8001791824063892, 'reg_alpha': 5.385809870998485, 'reg_lambda': 3.826666532132579e-08}. Best is trial 162 with value: 99468.69931792613.   
[I 2025-09-22 18:54:17,177] Trial 192 finished with value: 99621.86426683652 and parameters: {'n_estimators': 500, 'max_depth': 10, 'learning_rate': 0.0634664851013225, 'subsample': 0.9893170969661302, 'colsample_bytree': 0.8093481335885847, 'reg_alpha': 0.0004607871539035772, 'reg_lambda': 2.4254272423548417e-08}. Best is trial 162 with value: 99468.69931792613.
[I 2025-09-22 18:54:20,448] Trial 193 finished with value: 99242.98939471744 and parameters: {'n_estimators': 500, 'max_depth': 10, 'learning_rate': 0.06392266346049806, 'subsample': 0.9470227930179066, 'colsample_bytree': 0.8107740515560922, 'reg_alpha': 0.0006103999127131907, 'reg_lambda': 1.9326779466946295e-08}. Best is trial 193 with value: 99242.98939471744.
[I 2025-09-22 18:54:23,670] Trial 194 finished with value: 99585.93314319046 and parameters: {'n_estimators': 493, 'max_depth': 10, 'learning_rate': 0.06390598932188239, 'subsample': 0.9455657200437141, 'colsample_bytree': 0.806553077998997, 'reg_alpha': 0.000548412942538775, 'reg_lambda': 1.7168547118260802e-08}. Best is trial 193 with value: 99242.98939471744.
[I 2025-09-22 18:54:26,686] Trial 195 finished with value: 99771.95630035526 and parameters: {'n_estimators': 494, 'max_depth': 10, 'learning_rate': 0.06403103616705384, 'subsample': 0.9846683808011297, 'colsample_bytree': 0.809000156783037, 'reg_alpha': 0.0005242759032433858, 'reg_lambda': 1.7065058085541814e-08}. Best is trial 193 with value: 99242.98939471744.
[I 2025-09-22 18:54:29,701] Trial 196 finished with value: 99598.34858068681 and parameters: {'n_estimators': 500, 'max_depth': 10, 'learning_rate': 0.07562793137881921, 'subsample': 0.945751521536239, 'colsample_bytree': 0.8196204440565611, 'reg_alpha': 0.0003570896335463849, 'reg_lambda': 2.022469301271696e-08}. Best is trial 193 with value: 99242.98939471744.
[I 2025-09-22 18:54:32,478] Trial 197 finished with value: 100206.29728714658 and parameters: {'n_estimators': 499, 'max_depth': 10, 'learning_rate': 0.0750429477301892, 'subsample': 0.9929059159182769, 'colsample_bytree': 0.8194023841447545, 'reg_alpha': 0.0007695136883284117, 'reg_lambda': 1.2370565553790148e-08}. Best is trial 193 with value: 99242.98939471744.
[I 2025-09-22 18:54:35,278] Trial 198 finished with value: 99949.30426971466 and parameters: {'n_estimators': 488, 'max_depth': 10, 'learning_rate': 0.07041467435141147, 'subsample': 0.9481176861824913, 'colsample_bytree': 0.8069523609083963, 'reg_alpha': 0.00034197285596707924, 'reg_lambda': 1.999327831848331e-08}. Best is trial 193 with value: 99242.98939471744.
[I 2025-09-22 18:54:38,078] Trial 199 finished with value: 99817.37179469313 and parameters: {'n_estimators': 500, 'max_depth': 10, 'learning_rate': 0.0794920722968821, 'subsample': 0.9708089563350928, 'colsample_bytree': 0.7706501073937095, 'reg_alpha': 0.0013578541819659472, 'reg_lambda': 1.0882764661031495e-08}. Best is trial 193 with value: 99242.98939471744.
[I 2025-09-22 18:54:40,790] Trial 200 finished with value: 100279.8056639521 and parameters: {'n_estimators': 477, 'max_depth': 10, 'learning_rate': 0.08691178512196204, 'subsample': 0.9623124415348291, 'colsample_bytree': 0.7878664560060094, 'reg_alpha': 0.0006947992595081108, 'reg_lambda': 2.263913057434677e-08}. Best is trial 193 with value: 99242.98939471744.
[I 2025-09-22 18:54:43,666] Trial 201 finished with value: 99987.6190735633 and parameters: {'n_estimators': 491, 'max_depth': 10, 'learning_rate': 0.06596992344278184, 'subsample': 0.9459969718337764, 'colsample_bytree': 0.8200391235749726, 'reg_alpha': 0.00017794810744385314, 'reg_lambda': 4.37296473385228e-08}. Best is trial 193 with value: 99242.98939471744.
[I 2025-09-22 18:54:46,796] Trial 202 finished with value: 99901.2888805745 and parameters: {'n_estimators': 500, 'max_depth': 10, 'learning_rate': 0.06169126872505343, 'subsample': 0.9396528765969778, 'colsample_bytree': 0.8104235821520245, 'reg_alpha': 0.00029559058479200836, 'reg_lambda': 3.534306386804654e-08}. Best is trial 193 with value: 99242.98939471744.
[I 2025-09-22 18:54:49,733] Trial 203 finished with value: 100204.22793475333 and parameters: {'n_estimators': 484, 'max_depth': 10, 'learning_rate': 0.06861485540151782, 'subsample': 0.9553747086858972, 'colsample_bytree': 0.8281959606706284, 'reg_alpha': 0.0005114742668927167, 'reg_lambda': 1.2662580155142123e-07}. Best is trial 193 with value: 99242.98939471744.
[I 2025-09-22 18:54:52,738] Trial 204 finished with value: 100069.0807792297 and parameters: {'n_estimators': 478, 'max_depth': 10, 'learning_rate': 0.055921287727328, 'subsample': 0.9308819434586886, 'colsample_bytree': 0.7971847182765033, 'reg_alpha': 0.0011133303972034956, 'reg_lambda': 6.415207749904768e-08}. Best is trial 193 with value: 99242.98939471744. 
[I 2025-09-22 18:54:55,821] Trial 205 finished with value: 99629.69131739794 and parameters: {'n_estimators': 491, 'max_depth': 10, 'learning_rate': 0.07295875491812896, 'subsample': 0.9380263992096565, 'colsample_bytree': 0.8175454504748332, 'reg_alpha': 0.001991544504584716, 'reg_lambda': 2.073166243566881e-08}. Best is trial 193 with value: 99242.98939471744.
[I 2025-09-22 18:54:58,626] Trial 206 finished with value: 100170.06978134737 and parameters: {'n_estimators': 489, 'max_depth': 10, 'learning_rate': 0.07512049178370826, 'subsample': 0.9407557469104577, 'colsample_bytree': 0.8197403814262684, 'reg_alpha': 0.002086361412691834, 'reg_lambda': 1.7980076500670197e-08}. Best is trial 193 with value: 99242.98939471744.
[I 2025-09-22 18:55:01,452] Trial 207 finished with value: 99650.52790627856 and parameters: {'n_estimators': 493, 'max_depth': 10, 'learning_rate': 0.08025419982229196, 'subsample': 0.9523427694694772, 'colsample_bytree': 0.7544213951461722, 'reg_alpha': 0.0003675861399353322, 'reg_lambda': 2.3100261455701564e-08}. Best is trial 193 with value: 99242.98939471744.
[I 2025-09-22 18:55:04,084] Trial 208 finished with value: 100003.81432725454 and parameters: {'n_estimators': 472, 'max_depth': 10, 'learning_rate': 0.09389548835080377, 'subsample': 0.9565550066892011, 'colsample_bytree': 0.755583834669298, 'reg_alpha': 0.00047219898806190606, 'reg_lambda': 2.0898308629766358e-08}. Best is trial 193 with value: 99242.98939471744.
[I 2025-09-22 18:55:06,985] Trial 209 finished with value: 100357.17843781778 and parameters: {'n_estimators': 500, 'max_depth': 10, 'learning_rate': 0.08371450595519492, 'subsample': 0.9861611662041558, 'colsample_bytree': 0.7852981602516717, 'reg_alpha': 0.0002589533553019465, 'reg_lambda': 1.0285222810726695e-08}. Best is trial 193 with value: 99242.98939471744.
[I 2025-09-22 18:55:09,792] Trial 210 finished with value: 100271.82511553283 and parameters: {'n_estimators': 483, 'max_depth': 10, 'learning_rate': 0.07795190760911654, 'subsample': 0.9352869457228978, 'colsample_bytree': 0.7336095478274657, 'reg_alpha': 0.004549363775450757, 'reg_lambda': 2.7821039541530005e-08}. Best is trial 193 with value: 99242.98939471744.
[I 2025-09-22 18:55:12,609] Trial 211 finished with value: 100043.40306087154 and parameters: {'n_estimators': 494, 'max_depth': 10, 'learning_rate': 0.07270560417189043, 'subsample': 0.9492546618477599, 'colsample_bytree': 0.8054260029505756, 'reg_alpha': 0.0007791716368796179, 'reg_lambda': 1.3837829586848937e-08}. Best is trial 193 with value: 99242.98939471744.
[I 2025-09-22 18:55:15,427] Trial 212 finished with value: 100311.2519311767 and parameters: {'n_estimators': 489, 'max_depth': 10, 'learning_rate': 0.06658875890613454, 'subsample': 0.9440754104185249, 'colsample_bytree': 0.7483185600016717, 'reg_alpha': 0.00039255090769929206, 'reg_lambda': 3.0657042741042306e-08}. Best is trial 193 with value: 99242.98939471744.
[I 2025-09-22 18:55:18,460] Trial 213 finished with value: 99956.26563652726 and parameters: {'n_estimators': 492, 'max_depth': 10, 'learning_rate': 0.06979392422351735, 'subsample': 0.967420853637861, 'colsample_bytree': 0.8141390899859595, 'reg_alpha': 0.00016336569295907899, 'reg_lambda': 6.346255122700044e-08}. Best is trial 193 with value: 99242.98939471744.
[I 2025-09-22 18:55:21,275] Trial 214 finished with value: 99847.30229705758 and parameters: {'n_estimators': 481, 'max_depth': 10, 'learning_rate': 0.06443690408633251, 'subsample': 0.9300712071097158, 'colsample_bytree': 0.7980564079745949, 'reg_alpha': 0.00690973171855221, 'reg_lambda': 2.316597942994882e-08}. Best is trial 193 with value: 99242.98939471744. 
[I 2025-09-22 18:55:24,226] Trial 215 finished with value: 100104.9816942194 and parameters: {'n_estimators': 500, 'max_depth': 10, 'learning_rate': 0.0805474669268245, 'subsample': 0.9529295498542575, 'colsample_bytree': 0.8240778901163146, 'reg_alpha': 0.0010657138528877477, 'reg_lambda': 4.382220898979143e-08}. Best is trial 193 with value: 99242.98939471744.
[I 2025-09-22 18:55:27,061] Trial 216 finished with value: 99790.73656407192 and parameters: {'n_estimators': 486, 'max_depth': 10, 'learning_rate': 0.05804491565762588, 'subsample': 0.9375179292560213, 'colsample_bytree': 0.7671300612255315, 'reg_alpha': 0.0001187680619765838, 'reg_lambda': 1.62457673552865e-08}. Best is trial 193 with value: 99242.98939471744.
[I 2025-09-22 18:55:29,809] Trial 217 finished with value: 99454.24966284749 and parameters: {'n_estimators': 474, 'max_depth': 10, 'learning_rate': 0.07209134305280242, 'subsample': 0.9468055412093517, 'colsample_bytree': 0.7800301328623035, 'reg_alpha': 0.001976153783610691, 'reg_lambda': 3.287738327955079e-08}. Best is trial 193 with value: 99242.98939471744.
[I 2025-09-22 18:55:32,571] Trial 218 finished with value: 99871.8615827301 and parameters: {'n_estimators': 472, 'max_depth': 10, 'learning_rate': 0.07383553275664542, 'subsample': 0.9276582341479417, 'colsample_bytree': 0.7788259584759121, 'reg_alpha': 0.00291435217041293, 'reg_lambda': 9.151999406009309e-08}. Best is trial 193 with value: 99242.98939471744.  
[I 2025-09-22 18:55:35,340] Trial 219 finished with value: 100315.36576218023 and parameters: {'n_estimators': 465, 'max_depth': 10, 'learning_rate': 0.08996468558225577, 'subsample': 0.9409410070423241, 'colsample_bytree': 0.7886020849157585, 'reg_alpha': 0.0019467017683857878, 'reg_lambda': 2.254218516228545e-08}. Best is trial 193 with value: 99242.98939471744.
[I 2025-09-22 18:55:38,891] Trial 220 finished with value: 102607.93388427622 and parameters: {'n_estimators': 475, 'max_depth': 10, 'learning_rate': 0.018482522919171643, 'subsample': 0.9189607482673006, 'colsample_bytree': 0.8057934326535369, 'reg_alpha': 0.0006685155042241799, 'reg_lambda': 3.432518516170498e-08}. Best is trial 193 with value: 99242.98939471744.
[I 2025-09-22 18:55:41,779] Trial 221 finished with value: 99822.85493813528 and parameters: {'n_estimators': 492, 'max_depth': 10, 'learning_rate': 0.06318747563107491, 'subsample': 0.9489534086594225, 'colsample_bytree': 0.8151284235059163, 'reg_alpha': 0.00115651292108889, 'reg_lambda': 4.8739512695172614e-08}. Best is trial 193 with value: 99242.98939471744.
[I 2025-09-22 18:55:44,700] Trial 222 finished with value: 99553.70747491025 and parameters: {'n_estimators': 483, 'max_depth': 10, 'learning_rate': 0.07070241401545078, 'subsample': 0.955648615870604, 'colsample_bytree': 0.8262122172759262, 'reg_alpha': 0.0003458463049293488, 'reg_lambda': 1.537634459035629e-08}. Best is trial 193 with value: 99242.98939471744.
[I 2025-09-22 18:55:47,467] Trial 223 finished with value: 99780.08971733789 and parameters: {'n_estimators': 482, 'max_depth': 10, 'learning_rate': 0.07278498935154964, 'subsample': 0.9643132474882186, 'colsample_bytree': 0.8274677978626053, 'reg_alpha': 0.0003801502589325254, 'reg_lambda': 1.413989101477516e-08}. Best is trial 193 with value: 99242.98939471744.
[I 2025-09-22 18:55:50,496] Trial 224 finished with value: 99849.81490218197 and parameters: {'n_estimators': 479, 'max_depth': 10, 'learning_rate': 0.06126697520209492, 'subsample': 0.9344542625395617, 'colsample_bytree': 0.7935845862703315, 'reg_alpha': 0.00019653744124415633, 'reg_lambda': 1.0069526852415368e-08}. Best is trial 193 with value: 99242.98939471744.
[I 2025-09-22 18:55:53,363] Trial 225 finished with value: 99795.3438593204 and parameters: {'n_estimators': 486, 'max_depth': 10, 'learning_rate': 0.07656722288790593, 'subsample': 0.956978318839068, 'colsample_bytree': 0.8081200114596422, 'reg_alpha': 0.0002930219074832388, 'reg_lambda': 2.2132331839516085e-08}. Best is trial 193 with value: 99242.98939471744.
[I 2025-09-22 18:55:55,354] Trial 226 finished with value: 101033.64413896986 and parameters: {'n_estimators': 305, 'max_depth': 10, 'learning_rate': 0.06953362076428823, 'subsample': 0.9761877425811493, 'colsample_bytree': 0.8219472620676098, 'reg_alpha': 0.0006027868171699668, 'reg_lambda': 1.5271285912338383e-08}. Best is trial 193 with value: 99242.98939471744.
[I 2025-09-22 18:55:58,466] Trial 227 finished with value: 99962.60164681589 and parameters: {'n_estimators': 500, 'max_depth': 10, 'learning_rate': 0.054726703917933744, 'subsample': 0.9437922732872098, 'colsample_bytree': 0.7695743525599934, 'reg_alpha': 9.492376721831453e-05, 'reg_lambda': 2.639516349497723e-08}. Best is trial 193 with value: 99242.98939471744.
[I 2025-09-22 18:56:01,819] Trial 228 finished with value: 99789.72580381209 and parameters: {'n_estimators': 468, 'max_depth': 10, 'learning_rate': 0.05786730673028085, 'subsample': 0.9335364048737855, 'colsample_bytree': 0.8003510367476894, 'reg_alpha': 0.000362736957069997, 'reg_lambda': 3.2892495823326325e-08}. Best is trial 193 with value: 99242.98939471744.
[I 2025-09-22 18:56:04,949] Trial 229 finished with value: 100427.67044993128 and parameters: {'n_estimators': 492, 'max_depth': 10, 'learning_rate': 0.08103648206620567, 'subsample': 0.9582130430217631, 'colsample_bytree': 0.8348209106884581, 'reg_alpha': 0.0015854324192212128, 'reg_lambda': 1.6486141527346128e-08}. Best is trial 193 with value: 99242.98939471744.
[I 2025-09-22 18:56:07,761] Trial 230 finished with value: 99862.53591813098 and parameters: {'n_estimators': 477, 'max_depth': 10, 'learning_rate': 0.06525473421294865, 'subsample': 0.9245010266922188, 'colsample_bytree': 0.7561016104487855, 'reg_alpha': 0.0008235060863517823, 'reg_lambda': 7.300213528040407e-08}. Best is trial 193 with value: 99242.98939471744.
[I 2025-09-22 18:56:10,594] Trial 231 finished with value: 99612.12970316416 and parameters: {'n_estimators': 493, 'max_depth': 10, 'learning_rate': 0.06793062638106111, 'subsample': 0.9464035952423573, 'colsample_bytree': 0.817805550578327, 'reg_alpha': 0.0002411212274081348, 'reg_lambda': 4.5987351484715136e-08}. Best is trial 193 with value: 99242.98939471744.
