$ python main.py --data-dir data/ --full --save-plots --n-trials 250
==> Pipeline start
Config: data_dir=data/, full=True, n_trials=250, save_plots=True
-> Creating project directories (models, reports, logs)...
   Directories ensured.
-> Loading CSV files from: data
Loaded 11 files. Combined shape: (195568, 29)
After dedup (keep last per id): (92967, 29)
   Loaded data shape: (92967, 29)
Rows: 92967 Unique ids: 92967
-> Removing percentile outliers per city (price) ...
After removing percentile outliers per city: (87457, 29)
   After outlier removal: (87457, 29)
-> Running basic cleaning ...
   After basic cleaning: (87457, 21)
-> Performing EDA and saving plots/reports (full run)...
EDA saved to reports/
   EDA saved.
-> Preparing datasets for RF and XGB ...
   df_rf shape: (87457, 40), df_xgb shape: (87457, 21)
-> Splitting RF datasets (train/val/test)...
   RF shapes: (52474, 39) (17491, 39) (17492, 39)
-> Training quick RandomForest (n_estimators=100)...
   RF quick model trained.
-> Evaluating RF quick model on test set...
   RF quick metrics: {'rmse': 102232.92187396824, 'r2': 0.8860253786029633, 'mae': 68985.88050942186}
-> Saving RF quick artifact to models/rf_quick.pkl ...
   Saved RF quick artifact.
-> Analyzing RF errors and saving reports...

--- Error metrics ---
MAE: 68985.88
RMSE: 102232.92
MedianAE: 44809.24
MAPE: 9.88
Error < 50k PLN (%): 53.91
Error < 100k PLN (%): 77.58
   RF error reports saved.
-> Full run: retraining RandomForest on train+val for final artifact...
   RF final model trained.
   RF final metrics: {'rmse': 97472.52690243824, 'r2': 0.8963925317386465, 'mae': 65037.21773927274}
   Saved final RF artifact to models/rf_final.pkl

--- Error metrics ---
MAE: 65037.22
RMSE: 97472.53
MedianAE: 41141.34
MAPE: 9.32
Error < 50k PLN (%): 56.23
Error < 100k PLN (%): 79.26
   RF final error reports saved.
-> Splitting XGB datasets (train/val/test)...
   XGB shapes: (52474, 20) (17491, 20) (17492, 20)
-> Training XGB with LOO encoder (do_tune=True) ...
[I 2025-09-22 18:47:02,051] A new study created in memory with name: no-name-6d049187-aa55-4356-81cf-3d6112b710cc
[I 2025-09-22 18:47:02,322] Trial 0 finished with value: 122924.48778010019 and parameters: {'n_estimators': 169, 'max_depth': 3, 'learning_rate': 0.2785760891367594, 'subsample': 0.7357192547847144, 'colsample_bytree': 0.5882719338687905, 'reg_alpha': 1.8040806213753566, 'reg_lambda': 0.0016975583946001742}. Best is trial 0 with value: 122924.48778010019.      
[I 2025-09-22 18:47:02,640] Trial 1 finished with value: 107365.81802417379 and parameters: {'n_estimators': 134, 'max_depth': 8, 'learning_rate': 0.15242199513764929, 'subsample': 0.8283633912079008, 'colsample_bytree': 0.6814456484078943, 'reg_alpha': 0.0004158214575418751, 'reg_lambda': 0.37669468989337535}. Best is trial 1 with value: 107365.81802417379.    
[I 2025-09-22 18:47:02,897] Trial 2 finished with value: 122445.99606357081 and parameters: {'n_estimators': 130, 'max_depth': 7, 'learning_rate': 0.033585251245008545, 'subsample': 0.668816104439505, 'colsample_bytree': 0.5752783085309063, 'reg_alpha': 0.2568883672654306, 'reg_lambda': 0.3495862482359113}. Best is trial 1 with value: 107365.81802417379.        
[I 2025-09-22 18:47:03,392] Trial 3 finished with value: 114859.28281162128 and parameters: {'n_estimators': 468, 'max_depth': 5, 'learning_rate': 0.048557577902850965, 'subsample': 0.6721030995270221, 'colsample_bytree': 0.9097967068060913, 'reg_alpha': 0.027830761105577986, 'reg_lambda': 2.107213238352771e-05}. Best is trial 1 with value: 107365.81802417379.  
[I 2025-09-22 18:47:03,779] Trial 4 finished with value: 116712.86174196913 and parameters: {'n_estimators': 358, 'max_depth': 5, 'learning_rate': 0.0485532611612418, 'subsample': 0.7627048919196514, 'colsample_bytree': 0.7302407375554154, 'reg_alpha': 0.12461620726503882, 'reg_lambda': 9.160708534642517e-08}. Best is trial 1 with value: 107365.81802417379.     
[I 2025-09-22 18:47:04,381] Trial 5 finished with value: 108945.92096999318 and parameters: {'n_estimators': 439, 'max_depth': 6, 'learning_rate': 0.0728412809733708, 'subsample': 0.8242816384098076, 'colsample_bytree': 0.9348855795898053, 'reg_alpha': 0.0031354176973217448, 'reg_lambda': 0.00039706406073071964}. Best is trial 1 with value: 107365.81802417379.  
[I 2025-09-22 18:47:05,451] Trial 6 finished with value: 125715.46081528715 and parameters: {'n_estimators': 147, 'max_depth': 10, 'learning_rate': 0.015926165269011337, 'subsample': 0.7377598047316752, 'colsample_bytree': 0.6424925724664873, 'reg_alpha': 5.740279923004478e-05, 'reg_lambda': 0.26217195843768737}. Best is trial 1 with value: 107365.81802417379.  
[I 2025-09-22 18:47:05,781] Trial 7 finished with value: 122200.03954172846 and parameters: {'n_estimators': 126, 'max_depth': 8, 'learning_rate': 0.029098201981359192, 'subsample': 0.7055444243456246, 'colsample_bytree': 0.5540990951027787, 'reg_alpha': 0.00016320464190068524, 'reg_lambda': 0.06287832954469698}. Best is trial 1 with value: 107365.81802417379.  
[I 2025-09-22 18:47:06,371] Trial 8 finished with value: 107645.32220212823 and parameters: {'n_estimators': 137, 'max_depth': 9, 'learning_rate': 0.05149694032158203, 'subsample': 0.9965477916244421, 'colsample_bytree': 0.8169286766139323, 'reg_alpha': 1.4598413009237975e-08, 'reg_lambda': 0.0010365616307249721}. Best is trial 1 with value: 107365.81802417379. 
[I 2025-09-22 18:47:08,155] Trial 9 finished with value: 103848.95862742198 and parameters: {'n_estimators': 493, 'max_depth': 9, 'learning_rate': 0.025438059061345587, 'subsample': 0.6571317812444705, 'colsample_bytree': 0.9590872315006131, 'reg_alpha': 3.238472814063114e-07, 'reg_lambda': 0.5991828700661691}. Best is trial 9 with value: 103848.95862742198.    
[I 2025-09-22 18:47:10,102] Trial 10 finished with value: 116760.58074538683 and parameters: {'n_estimators': 280, 'max_depth': 10, 'learning_rate': 0.010387757022194799, 'subsample': 0.6087285447344811, 'colsample_bytree': 0.9949792481098378, 'reg_alpha': 1.4220650179644402e-07, 'reg_lambda': 9.152292643053453}. Best is trial 9 with value: 103848.95862742198.  
[I 2025-09-22 18:47:10,693] Trial 11 finished with value: 104047.265567145 and parameters: {'n_estimators': 247, 'max_depth': 8, 'learning_rate': 0.1355459934731643, 'subsample': 0.8566223146234444, 'colsample_bytree': 0.7235742909857978, 'reg_alpha': 2.710140232097558e-06, 'reg_lambda': 4.843845959877992}. Best is trial 9 with value: 103848.95862742198.        
[I 2025-09-22 18:47:11,318] Trial 12 finished with value: 104702.04399150955 and parameters: {'n_estimators': 256, 'max_depth': 8, 'learning_rate': 0.10312695513821213, 'subsample': 0.9020719886706148, 'colsample_bytree': 0.8104640023298797, 'reg_alpha': 1.9848382971879866e-06, 'reg_lambda': 4.317356989630415}. Best is trial 9 with value: 103848.95862742198.    
[I 2025-09-22 18:47:12,661] Trial 13 finished with value: 103979.32594511277 and parameters: {'n_estimators': 362, 'max_depth': 9, 'learning_rate': 0.18523727996552122, 'subsample': 0.9055272377498599, 'colsample_bytree': 0.8290157036655075, 'reg_alpha': 6.162821283336897e-06, 'reg_lambda': 0.01732858829834998}. Best is trial 9 with value: 103848.95862742198.   
[I 2025-09-22 18:47:14,995] Trial 14 finished with value: 106418.99138781574 and parameters: {'n_estimators': 391, 'max_depth': 10, 'learning_rate': 0.25941933133438644, 'subsample': 0.9363079307829415, 'colsample_bytree': 0.84769422077818, 'reg_alpha': 3.010698090355647e-06, 'reg_lambda': 0.01908968228143294}. Best is trial 9 with value: 103848.95862742198.    
[I 2025-09-22 18:47:17,141] Trial 15 finished with value: 104508.52168124856 and parameters: {'n_estimators': 490, 'max_depth': 9, 'learning_rate': 0.02208617900226133, 'subsample': 0.6055867942359544, 'colsample_bytree': 0.8998873525676505, 'reg_alpha': 1.1356272014416571e-07, 'reg_lambda': 1.3240184471149841e-05}. Best is trial 9 with value: 103848.95862742198.
[I 2025-09-22 18:47:18,651] Trial 16 finished with value: 101551.12147091237 and parameters: {'n_estimators': 349, 'max_depth': 9, 'learning_rate': 0.07796813553397737, 'subsample': 0.8889784528763666, 'colsample_bytree': 0.9958639971404829, 'reg_alpha': 1.715375706091582e-05, 'reg_lambda': 0.009984765628407069}. Best is trial 16 with value: 101551.12147091237. 
[I 2025-09-22 18:47:19,699] Trial 17 finished with value: 105539.39109166776 and parameters: {'n_estimators': 425, 'max_depth': 7, 'learning_rate': 0.08071462108660395, 'subsample': 0.7854619969689006, 'colsample_bytree': 0.9962930453704737, 'reg_alpha': 1.802312283022794e-07, 'reg_lambda': 1.8182096858523585e-05}. Best is trial 16 with value: 101551.12147091237.
[I 2025-09-22 18:47:19,987] Trial 18 finished with value: 128115.31205909776 and parameters: {'n_estimators': 319, 'max_depth': 3, 'learning_rate': 0.033431249083910146, 'subsample': 0.991712630626953, 'colsample_bytree': 0.9671064147513897, 'reg_alpha': 3.2224077397333065e-05, 'reg_lambda': 0.0035046721486629395}. Best is trial 16 with value: 101551.12147091237.
[I 2025-09-22 18:47:20,379] Trial 19 finished with value: 123162.08039814852 and parameters: {'n_estimators': 221, 'max_depth': 6, 'learning_rate': 0.017078937777140417, 'subsample': 0.8734986987251032, 'colsample_bytree': 0.8824548150217708, 'reg_alpha': 0.0022270598109789307, 'reg_lambda': 7.482628186693355e-05}. Best is trial 16 with value: 101551.12147091237.
[I 2025-09-22 18:47:21,983] Trial 20 finished with value: 101497.0287643929 and parameters: {'n_estimators': 407, 'max_depth': 9, 'learning_rate': 0.07488037967536852, 'subsample': 0.6476831081750389, 'colsample_bytree': 0.9479131491940945, 'reg_alpha': 5.776120556044338e-07, 'reg_lambda': 1.112157425007882}. Best is trial 20 with value: 101497.0287643929.      
[I 2025-09-22 18:47:23,651] Trial 21 finished with value: 101192.91548324912 and parameters: {'n_estimators': 411, 'max_depth': 9, 'learning_rate': 0.07309674348748903, 'subsample': 0.684342830202373, 'colsample_bytree': 0.9546341280317558, 'reg_alpha': 1.0282825882043334e-08, 'reg_lambda': 0.645106954573589}. Best is trial 21 with value: 101192.91548324912.    
[I 2025-09-22 18:47:25,567] Trial 22 finished with value: 101265.51049592353 and parameters: {'n_estimators': 325, 'max_depth': 10, 'learning_rate': 0.08238609862108284, 'subsample': 0.702328160255568, 'colsample_bytree': 0.9313411427928471, 'reg_alpha': 1.410348564123865e-08, 'reg_lambda': 0.040741347160960464}. Best is trial 21 with value: 101192.91548324912. 
[I 2025-09-22 18:47:27,943] Trial 23 finished with value: 101401.69371366536 and parameters: {'n_estimators': 408, 'max_depth': 10, 'learning_rate': 0.11415466041155123, 'subsample': 0.6435442737073596, 'colsample_bytree': 0.8723636042146149, 'reg_alpha': 1.1110457878306805e-08, 'reg_lambda': 2.0308718875717062}. Best is trial 21 with value: 101192.91548324912. 
[I 2025-09-22 18:47:29,702] Trial 24 finished with value: 102554.79799599822 and parameters: {'n_estimators': 314, 'max_depth': 10, 'learning_rate': 0.11680238109556586, 'subsample': 0.697373576352292, 'colsample_bytree': 0.7745049534141859, 'reg_alpha': 1.3207620747228036e-08, 'reg_lambda': 0.06308641083636961}. Best is trial 21 with value: 101192.91548324912. 
[I 2025-09-22 18:47:31,982] Trial 25 finished with value: 106390.77975087879 and parameters: {'n_estimators': 448, 'max_depth': 10, 'learning_rate': 0.20769605368217736, 'subsample': 0.6355373190997903, 'colsample_bytree': 0.8589692545866455, 'reg_alpha': 2.7447859918808326e-08, 'reg_lambda': 0.07252930793854188}. Best is trial 21 with value: 101192.91548324912.
[I 2025-09-22 18:47:34,316] Trial 26 finished with value: 101257.20817798603 and parameters: {'n_estimators': 387, 'max_depth': 10, 'learning_rate': 0.09813538767599515, 'subsample': 0.6994011583814045, 'colsample_bytree': 0.9163047330552372, 'reg_alpha': 4.1016790712119824e-08, 'reg_lambda': 1.6576647579847759}. Best is trial 21 with value: 101192.91548324912. 
[I 2025-09-22 18:47:36,361] Trial 27 finished with value: 103097.93154084131 and parameters: {'n_estimators': 377, 'max_depth': 10, 'learning_rate': 0.06558976578558018, 'subsample': 0.711433407397482, 'colsample_bytree': 0.5096065177314577, 'reg_alpha': 5.934987674608125e-08, 'reg_lambda': 1.9671160355341267e-06}. Best is trial 21 with value: 101192.91548324912.
[I 2025-09-22 18:47:37,225] Trial 28 finished with value: 103293.69018483172 and parameters: {'n_estimators': 335, 'max_depth': 8, 'learning_rate': 0.09577888884745746, 'subsample': 0.764059462834598, 'colsample_bytree': 0.9176504547299869, 'reg_alpha': 8.227728942951134e-07, 'reg_lambda': 0.08146485023161362}. Best is trial 21 with value: 101192.91548324912.   
[I 2025-09-22 18:47:37,426] Trial 29 finished with value: 130759.03652138157 and parameters: {'n_estimators': 217, 'max_depth': 3, 'learning_rate': 0.037927785727288416, 'subsample': 0.7324569764847296, 'colsample_bytree': 0.7731446318866755, 'reg_alpha': 7.888165023785459e-08, 'reg_lambda': 0.004048483915133162}. Best is trial 21 with value: 101192.91548324912.
[I 2025-09-22 18:47:38,129] Trial 30 finished with value: 107238.8037232792 and parameters: {'n_estimators': 388, 'max_depth': 7, 'learning_rate': 0.06036786376168229, 'subsample': 0.6879595001226654, 'colsample_bytree': 0.9317096910787251, 'reg_alpha': 4.253950031989931e-08, 'reg_lambda': 1.2002750569289853e-08}. Best is trial 21 with value: 101192.91548324912.
[I 2025-09-22 18:47:40,473] Trial 31 finished with value: 101594.6077309224 and parameters: {'n_estimators': 414, 'max_depth': 10, 'learning_rate': 0.12961434241524528, 'subsample': 0.6375380095654821, 'colsample_bytree': 0.8805465021268134, 'reg_alpha': 1.9411188830029308e-08, 'reg_lambda': 1.2210885762757164}. Best is trial 21 with value: 101192.91548324912.  
[I 2025-09-22 18:47:41,600] Trial 32 finished with value: 102229.22259315093 and parameters: {'n_estimators': 294, 'max_depth': 9, 'learning_rate': 0.09615148702960778, 'subsample': 0.7326527609697159, 'colsample_bytree': 0.8759824382305071, 'reg_alpha': 9.610760125668799, 'reg_lambda': 2.2770403963299546}. Best is trial 21 with value: 101192.91548324912.       
[I 2025-09-22 18:47:44,284] Trial 33 finished with value: 100826.19596116875 and parameters: {'n_estimators': 453, 'max_depth': 10, 'learning_rate': 0.09254850263110084, 'subsample': 0.6286641654151648, 'colsample_bytree': 0.9709626617101268, 'reg_alpha': 1.0596116546545592e-08, 'reg_lambda': 0.18413046538242978}. Best is trial 33 with value: 100826.19596116875.
[I 2025-09-22 18:47:46,849] Trial 34 finished with value: 103352.77745663152 and parameters: {'n_estimators': 459, 'max_depth': 10, 'learning_rate': 0.16418632890038476, 'subsample': 0.6756656155820425, 'colsample_bytree': 0.9674243767608937, 'reg_alpha': 6.68744047730141e-07, 'reg_lambda': 0.24253340109316637}. Best is trial 33 with value: 100826.19596116875.  
[I 2025-09-22 18:47:48,719] Trial 35 finished with value: 101859.43318122283 and parameters: {'n_estimators': 470, 'max_depth': 9, 'learning_rate': 0.04245655921711751, 'subsample': 0.6160198082327648, 'colsample_bytree': 0.9659224658603836, 'reg_alpha': 4.5919412042612806e-08, 'reg_lambda': 0.30780444589995065}. Best is trial 33 with value: 100826.19596116875. 
[I 2025-09-22 18:47:49,117] Trial 36 finished with value: 116907.53624980726 and parameters: {'n_estimators': 435, 'max_depth': 4, 'learning_rate': 0.08656034570040833, 'subsample': 0.6719065346891351, 'colsample_bytree': 0.9129284495231165, 'reg_alpha': 2.4744679614306723e-07, 'reg_lambda': 0.20145449574775098}. Best is trial 33 with value: 100826.19596116875. 
[I 2025-09-22 18:47:49,971] Trial 37 finished with value: 104745.84493907145 and parameters: {'n_estimators': 366, 'max_depth': 8, 'learning_rate': 0.05756370669336985, 'subsample': 0.7585903081572112, 'colsample_bytree': 0.6850391286017545, 'reg_alpha': 2.8708652154029465e-08, 'reg_lambda': 0.019734030538243543}. Best is trial 33 with value: 100826.19596116875.
[I 2025-09-22 18:47:51,996] Trial 38 finished with value: 101042.73503820054 and parameters: {'n_estimators': 336, 'max_depth': 10, 'learning_rate': 0.1472601108140858, 'subsample': 0.8039555797064901, 'colsample_bytree': 0.9424734357047178, 'reg_alpha': 0.07010882894234233, 'reg_lambda': 9.525208400343852}. Best is trial 33 with value: 100826.19596116875.      
[I 2025-09-22 18:47:53,351] Trial 39 finished with value: 105878.058161264 and parameters: {'n_estimators': 346, 'max_depth': 9, 'learning_rate': 0.2951619550455924, 'subsample': 0.8056603154118236, 'colsample_bytree': 0.8973524611081884, 'reg_alpha': 0.15065879210216673, 'reg_lambda': 4.57340213417699}. Best is trial 33 with value: 100826.19596116875.
[I 2025-09-22 18:47:54,585] Trial 40 finished with value: 102389.06941661303 and parameters: {'n_estimators': 474, 'max_depth': 8, 'learning_rate': 0.15049422095450804, 'subsample': 0.8387592097431313, 'colsample_bytree': 0.9777829432885341, 'reg_alpha': 0.035638840654514524, 'reg_lambda': 0.749627754746693}. Best is trial 33 with value: 100826.19596116875.     
[I 2025-09-22 18:47:56,597] Trial 41 finished with value: 101492.93256182915 and parameters: {'n_estimators': 332, 'max_depth': 10, 'learning_rate': 0.06630936580095731, 'subsample': 0.795617343306888, 'colsample_bytree': 0.9333026248044162, 'reg_alpha': 0.7574123047416171, 'reg_lambda': 9.992012662472161}. Best is trial 33 with value: 100826.19596116875.       
[I 2025-09-22 18:47:58,829] Trial 42 finished with value: 106249.68630541928 and parameters: {'n_estimators': 395, 'max_depth': 10, 'learning_rate': 0.20894674826991666, 'subsample': 0.7126848412004668, 'colsample_bytree': 0.9340029514364037, 'reg_alpha': 0.001215274179786806, 'reg_lambda': 0.15986278130466614}. Best is trial 33 with value: 100826.19596116875.  
[I 2025-09-22 18:48:00,668] Trial 43 finished with value: 102368.41012734348 and parameters: {'n_estimators': 287, 'max_depth': 10, 'learning_rate': 0.12255649498446772, 'subsample': 0.7569870097399592, 'colsample_bytree': 0.9522137855163274, 'reg_alpha': 0.010718749853456581, 'reg_lambda': 0.5706520165975566}. Best is trial 33 with value: 100826.19596116875.   
[I 2025-09-22 18:48:02,177] Trial 44 finished with value: 103698.70942302031 and parameters: {'n_estimators': 309, 'max_depth': 9, 'learning_rate': 0.0497460033021643, 'subsample': 0.6244807833679146, 'colsample_bytree': 0.9107223826587735, 'reg_alpha': 0.0003859591067046103, 'reg_lambda': 1.8879131643469438}. Best is trial 33 with value: 100826.19596116875.    
[I 2025-09-22 18:48:04,307] Trial 45 finished with value: 102611.73609290508 and parameters: {'n_estimators': 373, 'max_depth': 10, 'learning_rate': 0.1027681671048414, 'subsample': 0.6649386251429427, 'colsample_bytree': 0.6394850732180739, 'reg_alpha': 0.0001322838373240848, 'reg_lambda': 0.0007952169416730279}. Best is trial 33 with value: 100826.19596116875.
[I 2025-09-22 18:48:06,084] Trial 46 finished with value: 102615.01426204646 and parameters: {'n_estimators': 444, 'max_depth': 9, 'learning_rate': 0.14923728892912394, 'subsample': 0.6857745022457299, 'colsample_bytree': 0.8410933027568344, 'reg_alpha': 3.232575937282514, 'reg_lambda': 3.4146882191249874}. Best is trial 33 with value: 100826.19596116875.       
[I 2025-09-22 18:48:06,564] Trial 47 finished with value: 112776.82144838096 and parameters: {'n_estimators': 422, 'max_depth': 5, 'learning_rate': 0.08829603861226563, 'subsample': 0.8153121072429105, 'colsample_bytree': 0.7952120401558778, 'reg_alpha': 1.044900990239605e-08, 'reg_lambda': 0.7988007038522641}. Best is trial 33 with value: 100826.19596116875.   
[I 2025-09-22 18:48:07,010] Trial 48 finished with value: 106076.53448336253 and parameters: {'n_estimators': 108, 'max_depth': 9, 'learning_rate': 0.1787627856285296, 'subsample': 0.7744158812185385, 'colsample_bytree': 0.9458536607718039, 'reg_alpha': 0.007585241453033856, 'reg_lambda': 0.1149290529401202}. Best is trial 33 with value: 100826.19596116875.     
[I 2025-09-22 18:48:08,742] Trial 49 finished with value: 101531.33049458182 and parameters: {'n_estimators': 268, 'max_depth': 10, 'learning_rate': 0.07227504816301651, 'subsample': 0.7468806477059353, 'colsample_bytree': 0.9824967880664064, 'reg_alpha': 1.359882459750369e-07, 'reg_lambda': 0.029991143498336446}. Best is trial 33 with value: 100826.19596116875.
[I 2025-09-22 18:48:11,926] Trial 50 finished with value: 103194.61691386814 and parameters: {'n_estimators': 498, 'max_depth': 10, 'learning_rate': 0.23994588675236303, 'subsample': 0.718530372321454, 'colsample_bytree': 0.8980343456468025, 'reg_alpha': 0.039359565233527544, 'reg_lambda': 9.357959851951033}. Best is trial 33 with value: 100826.19596116875.     
[I 2025-09-22 18:48:14,493] Trial 51 finished with value: 101385.94900675339 and parameters: {'n_estimators': 400, 'max_depth': 10, 'learning_rate': 0.1118778234145546, 'subsample': 0.6516184172512871, 'colsample_bytree': 0.9198565293383005, 'reg_alpha': 1.1653626647121255e-08, 'reg_lambda': 2.349949374702831}. Best is trial 33 with value: 100826.19596116875.   
[I 2025-09-22 18:48:16,974] Trial 52 finished with value: 100881.21680471544 and parameters: {'n_estimators': 386, 'max_depth': 10, 'learning_rate': 0.11379600077828655, 'subsample': 0.655312716502053, 'colsample_bytree': 0.9266134103673616, 'reg_alpha': 3.068342043514476e-08, 'reg_lambda': 3.5989095066253185}. Best is trial 33 with value: 100826.19596116875.   
[I 2025-09-22 18:48:18,454] Trial 53 finished with value: 102385.54898031264 and parameters: {'n_estimators': 349, 'max_depth': 9, 'learning_rate': 0.13179336619178667, 'subsample': 0.6973342806266808, 'colsample_bytree': 0.9993568531274937, 'reg_alpha': 5.87913292156441e-08, 'reg_lambda': 0.44227266235442886}. Best is trial 33 with value: 100826.19596116875.   
